{"numFailedTestSuites":14,"numFailedTests":72,"numPassedTestSuites":2,"numPassedTests":105,"numPendingTestSuites":0,"numPendingTests":0,"numRuntimeErrorTestSuites":10,"numTodoTests":0,"numTotalTestSuites":16,"numTotalTests":177,"openHandles":[],"snapshot":{"added":0,"didUpdate":false,"failure":false,"filesAdded":0,"filesRemoved":0,"filesRemovedList":[],"filesUnmatched":0,"filesUpdated":0,"matched":0,"total":0,"unchecked":0,"uncheckedKeysByFile":[],"unmatched":0,"updated":0},"startTime":1756661892822,"success":false,"testResults":[{"assertionResults":[{"ancestorTitles":["components smoke"],"duration":82,"failureDetails":[{"matcherResult":{"message":"\u001b[2mexpect(\u001b[22m\u001b[31mreceived\u001b[39m\u001b[2m).\u001b[22mtoBeNull\u001b[2m()\u001b[22m\n\nReceived: \u001b[31m<div data-testid=\"error\">Tile failed</div>\u001b[39m","pass":false}}],"failureMessages":["Error: \u001b[2mexpect(\u001b[22m\u001b[31mreceived\u001b[39m\u001b[2m).\u001b[22mtoBeNull\u001b[2m()\u001b[22m\n\nReceived: \u001b[31m<div data-testid=\"error\">Tile failed</div>\u001b[39m\n    at Object.toBeNull (E:\\VSCode_Repo\\tech-oblivion-wpHeadless\\src\\__tests__\\components.smoke.test.tsx:38:40)\n    at Promise.then.completed (E:\\VSCode_Repo\\tech-oblivion-wpHeadless\\node_modules\\jest-circus\\build\\utils.js:298:28)\n    at new Promise (<anonymous>)\n    at callAsyncCircusFn (E:\\VSCode_Repo\\tech-oblivion-wpHeadless\\node_modules\\jest-circus\\build\\utils.js:231:10)\n    at _callCircusTest (E:\\VSCode_Repo\\tech-oblivion-wpHeadless\\node_modules\\jest-circus\\build\\run.js:316:40)\n    at _runTest (E:\\VSCode_Repo\\tech-oblivion-wpHeadless\\node_modules\\jest-circus\\build\\run.js:252:3)\n    at _runTestsForDescribeBlock (E:\\VSCode_Repo\\tech-oblivion-wpHeadless\\node_modules\\jest-circus\\build\\run.js:126:9)\n    at _runTestsForDescribeBlock (E:\\VSCode_Repo\\tech-oblivion-wpHeadless\\node_modules\\jest-circus\\build\\run.js:121:9)\n    at run (E:\\VSCode_Repo\\tech-oblivion-wpHeadless\\node_modules\\jest-circus\\build\\run.js:71:3)\n    at runAndTransformResultsToJestFormat (E:\\VSCode_Repo\\tech-oblivion-wpHeadless\\node_modules\\jest-circus\\build\\legacy-code-todo-rewrite\\jestAdapterInit.js:122:21)\n    at jestAdapter (E:\\VSCode_Repo\\tech-oblivion-wpHeadless\\node_modules\\jest-circus\\build\\legacy-code-todo-rewrite\\jestAdapter.js:79:19)\n    at runTestInternal (E:\\VSCode_Repo\\tech-oblivion-wpHeadless\\node_modules\\jest-runner\\build\\runTest.js:367:16)\n    at runTest (E:\\VSCode_Repo\\tech-oblivion-wpHeadless\\node_modules\\jest-runner\\build\\runTest.js:444:34)"],"fullName":"components smoke src/components/admin/AdminDashboard.tsx imports and renders (if component)","invocations":1,"location":null,"numPassingAsserts":0,"retryReasons":[],"status":"failed","title":"src/components/admin/AdminDashboard.tsx imports and renders (if component)"},{"ancestorTitles":["components smoke"],"duration":5,"failureDetails":[{}],"failureMessages":["\u001b[1m\u001b[31mJest encountered an unexpected token\u001b[39m\u001b[22m\n\nJest failed to parse a file. This happens e.g. when your code or its dependencies use non-standard JavaScript syntax, or when Jest is not configured to support such syntax.\n\nOut of the box Jest supports Babel, which will be used to transform your files into valid JS based on your Babel configuration.\n\nBy default \"node_modules\" folder is ignored by transformers.\n\nHere's what you can do:\n • If you are trying to use ECMAScript Modules, see \u001b[4mhttps://jestjs.io/docs/ecmascript-modules\u001b[24m for how to enable it.\n • If you are trying to use TypeScript, see \u001b[4mhttps://jestjs.io/docs/getting-started#using-typescript\u001b[24m\n • To have some of your \"node_modules\" files transformed, you can specify a custom \u001b[1m\"transformIgnorePatterns\"\u001b[22m in your config.\n • If you need a custom transformation specify a \u001b[1m\"transform\"\u001b[22m option in your config.\n • If you simply want to mock your non-JS modules (e.g. binary assets) you can stub them out with the \u001b[1m\"moduleNameMapper\"\u001b[22m config option.\n\nYou'll find more details and examples of these config options in the docs:\n\u001b[36mhttps://jestjs.io/docs/configuration\u001b[39m\nFor information about custom transformations, see:\n\u001b[36mhttps://jestjs.io/docs/code-transformation\u001b[39m\n\n\u001b[1m\u001b[31mDetails:\u001b[39m\u001b[22m\n\nE:\\VSCode_Repo\\tech-oblivion-wpHeadless\\node_modules\\lucide-react\\dist\\esm\\lucide-react.js:8\nimport * as index from './icons/index.js';\n^^^^^^\n\nSyntaxError: Cannot use import statement outside a module\n    at new Script (node:vm:117:7)\n    at Runtime.createScriptFromCode (E:\\VSCode_Repo\\tech-oblivion-wpHeadless\\node_modules\\jest-runtime\\build\\index.js:1505:14)\n    at Runtime._execModule (E:\\VSCode_Repo\\tech-oblivion-wpHeadless\\node_modules\\jest-runtime\\build\\index.js:1399:25)\n    at Runtime._loadModule (E:\\VSCode_Repo\\tech-oblivion-wpHeadless\\node_modules\\jest-runtime\\build\\index.js:1022:12)\n    at Runtime.requireModule (E:\\VSCode_Repo\\tech-oblivion-wpHeadless\\node_modules\\jest-runtime\\build\\index.js:882:12)\n    at Runtime.requireModuleOrMock (E:\\VSCode_Repo\\tech-oblivion-wpHeadless\\node_modules\\jest-runtime\\build\\index.js:1048:21)\n    at Object.<anonymous> (E:\\VSCode_Repo\\tech-oblivion-wpHeadless\\src\\components\\admin\\BulkActionsBar.tsx:14:22)\n    at Runtime._execModule (E:\\VSCode_Repo\\tech-oblivion-wpHeadless\\node_modules\\jest-runtime\\build\\index.js:1439:24)\n    at Runtime._loadModule (E:\\VSCode_Repo\\tech-oblivion-wpHeadless\\node_modules\\jest-runtime\\build\\index.js:1022:12)\n    at Runtime.requireModule (E:\\VSCode_Repo\\tech-oblivion-wpHeadless\\node_modules\\jest-runtime\\build\\index.js:882:12)\n    at Runtime.requireModuleOrMock (E:\\VSCode_Repo\\tech-oblivion-wpHeadless\\node_modules\\jest-runtime\\build\\index.js:1048:21)\n    at Object.require (E:\\VSCode_Repo\\tech-oblivion-wpHeadless\\src\\__tests__\\components.smoke.test.tsx:29:19)\n    at Promise.then.completed (E:\\VSCode_Repo\\tech-oblivion-wpHeadless\\node_modules\\jest-circus\\build\\utils.js:298:28)\n    at new Promise (<anonymous>)\n    at callAsyncCircusFn (E:\\VSCode_Repo\\tech-oblivion-wpHeadless\\node_modules\\jest-circus\\build\\utils.js:231:10)\n    at _callCircusTest (E:\\VSCode_Repo\\tech-oblivion-wpHeadless\\node_modules\\jest-circus\\build\\run.js:316:40)\n    at _runTest (E:\\VSCode_Repo\\tech-oblivion-wpHeadless\\node_modules\\jest-circus\\build\\run.js:252:3)\n    at _runTestsForDescribeBlock (E:\\VSCode_Repo\\tech-oblivion-wpHeadless\\node_modules\\jest-circus\\build\\run.js:126:9)\n    at _runTestsForDescribeBlock (E:\\VSCode_Repo\\tech-oblivion-wpHeadless\\node_modules\\jest-circus\\build\\run.js:121:9)\n    at run (E:\\VSCode_Repo\\tech-oblivion-wpHeadless\\node_modules\\jest-circus\\build\\run.js:71:3)\n    at runAndTransformResultsToJestFormat (E:\\VSCode_Repo\\tech-oblivion-wpHeadless\\node_modules\\jest-circus\\build\\legacy-code-todo-rewrite\\jestAdapterInit.js:122:21)\n    at jestAdapter (E:\\VSCode_Repo\\tech-oblivion-wpHeadless\\node_modules\\jest-circus\\build\\legacy-code-todo-rewrite\\jestAdapter.js:79:19)\n    at runTestInternal (E:\\VSCode_Repo\\tech-oblivion-wpHeadless\\node_modules\\jest-runner\\build\\runTest.js:367:16)\n    at runTest (E:\\VSCode_Repo\\tech-oblivion-wpHeadless\\node_modules\\jest-runner\\build\\runTest.js:444:34)"],"fullName":"components smoke src/components/admin/BulkActionsBar.tsx imports and renders (if component)","invocations":1,"location":null,"numPassingAsserts":0,"retryReasons":[],"status":"failed","title":"src/components/admin/BulkActionsBar.tsx imports and renders (if component)"},{"ancestorTitles":["components smoke"],"duration":64,"failureDetails":[{}],"failureMessages":["\u001b[1m\u001b[31mJest encountered an unexpected token\u001b[39m\u001b[22m\n\nJest failed to parse a file. This happens e.g. when your code or its dependencies use non-standard JavaScript syntax, or when Jest is not configured to support such syntax.\n\nOut of the box Jest supports Babel, which will be used to transform your files into valid JS based on your Babel configuration.\n\nBy default \"node_modules\" folder is ignored by transformers.\n\nHere's what you can do:\n • If you are trying to use ECMAScript Modules, see \u001b[4mhttps://jestjs.io/docs/ecmascript-modules\u001b[24m for how to enable it.\n • If you are trying to use TypeScript, see \u001b[4mhttps://jestjs.io/docs/getting-started#using-typescript\u001b[24m\n • To have some of your \"node_modules\" files transformed, you can specify a custom \u001b[1m\"transformIgnorePatterns\"\u001b[22m in your config.\n • If you need a custom transformation specify a \u001b[1m\"transform\"\u001b[22m option in your config.\n • If you simply want to mock your non-JS modules (e.g. binary assets) you can stub them out with the \u001b[1m\"moduleNameMapper\"\u001b[22m config option.\n\nYou'll find more details and examples of these config options in the docs:\n\u001b[36mhttps://jestjs.io/docs/configuration\u001b[39m\nFor information about custom transformations, see:\n\u001b[36mhttps://jestjs.io/docs/code-transformation\u001b[39m\n\n\u001b[1m\u001b[31mDetails:\u001b[39m\u001b[22m\n\nE:\\VSCode_Repo\\tech-oblivion-wpHeadless\\node_modules\\lucide-react\\dist\\esm\\lucide-react.js:8\nimport * as index from './icons/index.js';\n^^^^^^\n\nSyntaxError: Cannot use import statement outside a module\n    at new Script (node:vm:117:7)\n    at Runtime.createScriptFromCode (E:\\VSCode_Repo\\tech-oblivion-wpHeadless\\node_modules\\jest-runtime\\build\\index.js:1505:14)\n    at Runtime._execModule (E:\\VSCode_Repo\\tech-oblivion-wpHeadless\\node_modules\\jest-runtime\\build\\index.js:1399:25)\n    at Runtime._loadModule (E:\\VSCode_Repo\\tech-oblivion-wpHeadless\\node_modules\\jest-runtime\\build\\index.js:1022:12)\n    at Runtime.requireModule (E:\\VSCode_Repo\\tech-oblivion-wpHeadless\\node_modules\\jest-runtime\\build\\index.js:882:12)\n    at Runtime.requireModuleOrMock (E:\\VSCode_Repo\\tech-oblivion-wpHeadless\\node_modules\\jest-runtime\\build\\index.js:1048:21)\n    at Object.<anonymous> (E:\\VSCode_Repo\\tech-oblivion-wpHeadless\\src\\components\\ui\\accordion.tsx:29:22)\n    at Runtime._execModule (E:\\VSCode_Repo\\tech-oblivion-wpHeadless\\node_modules\\jest-runtime\\build\\index.js:1439:24)\n    at Runtime._loadModule (E:\\VSCode_Repo\\tech-oblivion-wpHeadless\\node_modules\\jest-runtime\\build\\index.js:1022:12)\n    at Runtime.requireModule (E:\\VSCode_Repo\\tech-oblivion-wpHeadless\\node_modules\\jest-runtime\\build\\index.js:882:12)\n    at Runtime.requireModuleOrMock (E:\\VSCode_Repo\\tech-oblivion-wpHeadless\\node_modules\\jest-runtime\\build\\index.js:1048:21)\n    at Object.<anonymous> (E:\\VSCode_Repo\\tech-oblivion-wpHeadless\\src\\components\\admin\\moderation\\ModerationPanel.tsx:16:20)\n    at Runtime._execModule (E:\\VSCode_Repo\\tech-oblivion-wpHeadless\\node_modules\\jest-runtime\\build\\index.js:1439:24)\n    at Runtime._loadModule (E:\\VSCode_Repo\\tech-oblivion-wpHeadless\\node_modules\\jest-runtime\\build\\index.js:1022:12)\n    at Runtime.requireModule (E:\\VSCode_Repo\\tech-oblivion-wpHeadless\\node_modules\\jest-runtime\\build\\index.js:882:12)\n    at Runtime.requireModuleOrMock (E:\\VSCode_Repo\\tech-oblivion-wpHeadless\\node_modules\\jest-runtime\\build\\index.js:1048:21)\n    at Object.require (E:\\VSCode_Repo\\tech-oblivion-wpHeadless\\src\\__tests__\\components.smoke.test.tsx:29:19)\n    at Promise.then.completed (E:\\VSCode_Repo\\tech-oblivion-wpHeadless\\node_modules\\jest-circus\\build\\utils.js:298:28)\n    at new Promise (<anonymous>)\n    at callAsyncCircusFn (E:\\VSCode_Repo\\tech-oblivion-wpHeadless\\node_modules\\jest-circus\\build\\utils.js:231:10)\n    at _callCircusTest (E:\\VSCode_Repo\\tech-oblivion-wpHeadless\\node_modules\\jest-circus\\build\\run.js:316:40)\n    at _runTest (E:\\VSCode_Repo\\tech-oblivion-wpHeadless\\node_modules\\jest-circus\\build\\run.js:252:3)\n    at _runTestsForDescribeBlock (E:\\VSCode_Repo\\tech-oblivion-wpHeadless\\node_modules\\jest-circus\\build\\run.js:126:9)\n    at _runTestsForDescribeBlock (E:\\VSCode_Repo\\tech-oblivion-wpHeadless\\node_modules\\jest-circus\\build\\run.js:121:9)\n    at run (E:\\VSCode_Repo\\tech-oblivion-wpHeadless\\node_modules\\jest-circus\\build\\run.js:71:3)\n    at runAndTransformResultsToJestFormat (E:\\VSCode_Repo\\tech-oblivion-wpHeadless\\node_modules\\jest-circus\\build\\legacy-code-todo-rewrite\\jestAdapterInit.js:122:21)\n    at jestAdapter (E:\\VSCode_Repo\\tech-oblivion-wpHeadless\\node_modules\\jest-circus\\build\\legacy-code-todo-rewrite\\jestAdapter.js:79:19)\n    at runTestInternal (E:\\VSCode_Repo\\tech-oblivion-wpHeadless\\node_modules\\jest-runner\\build\\runTest.js:367:16)\n    at runTest (E:\\VSCode_Repo\\tech-oblivion-wpHeadless\\node_modules\\jest-runner\\build\\runTest.js:444:34)"],"fullName":"components smoke src/components/admin/moderation/ModerationPanel.tsx imports and renders (if component)","invocations":1,"location":null,"numPassingAsserts":0,"retryReasons":[],"status":"failed","title":"src/components/admin/moderation/ModerationPanel.tsx imports and renders (if component)"},{"ancestorTitles":["components smoke"],"duration":43,"failureDetails":[],"failureMessages":[],"fullName":"components smoke src/components/admin/PageHeader.tsx imports and renders (if component)","invocations":1,"location":null,"numPassingAsserts":1,"retryReasons":[],"status":"passed","title":"src/components/admin/PageHeader.tsx imports and renders (if component)"},{"ancestorTitles":["components smoke"],"duration":10,"failureDetails":[],"failureMessages":[],"fullName":"components smoke src/components/admin/PostEditorPageClient.tsx imports and renders (if component)","invocations":1,"location":null,"numPassingAsserts":1,"retryReasons":[],"status":"passed","title":"src/components/admin/PostEditorPageClient.tsx imports and renders (if component)"},{"ancestorTitles":["components smoke"],"duration":17,"failureDetails":[{}],"failureMessages":["\u001b[1m\u001b[31mJest encountered an unexpected token\u001b[39m\u001b[22m\n\nJest failed to parse a file. This happens e.g. when your code or its dependencies use non-standard JavaScript syntax, or when Jest is not configured to support such syntax.\n\nOut of the box Jest supports Babel, which will be used to transform your files into valid JS based on your Babel configuration.\n\nBy default \"node_modules\" folder is ignored by transformers.\n\nHere's what you can do:\n • If you are trying to use ECMAScript Modules, see \u001b[4mhttps://jestjs.io/docs/ecmascript-modules\u001b[24m for how to enable it.\n • If you are trying to use TypeScript, see \u001b[4mhttps://jestjs.io/docs/getting-started#using-typescript\u001b[24m\n • To have some of your \"node_modules\" files transformed, you can specify a custom \u001b[1m\"transformIgnorePatterns\"\u001b[22m in your config.\n • If you need a custom transformation specify a \u001b[1m\"transform\"\u001b[22m option in your config.\n • If you simply want to mock your non-JS modules (e.g. binary assets) you can stub them out with the \u001b[1m\"moduleNameMapper\"\u001b[22m config option.\n\nYou'll find more details and examples of these config options in the docs:\n\u001b[36mhttps://jestjs.io/docs/configuration\u001b[39m\nFor information about custom transformations, see:\n\u001b[36mhttps://jestjs.io/docs/code-transformation\u001b[39m\n\n\u001b[1m\u001b[31mDetails:\u001b[39m\u001b[22m\n\nE:\\VSCode_Repo\\tech-oblivion-wpHeadless\\node_modules\\lucide-react\\dist\\esm\\lucide-react.js:8\nimport * as index from './icons/index.js';\n^^^^^^\n\nSyntaxError: Cannot use import statement outside a module\n    at new Script (node:vm:117:7)\n    at Runtime.createScriptFromCode (E:\\VSCode_Repo\\tech-oblivion-wpHeadless\\node_modules\\jest-runtime\\build\\index.js:1505:14)\n    at Runtime._execModule (E:\\VSCode_Repo\\tech-oblivion-wpHeadless\\node_modules\\jest-runtime\\build\\index.js:1399:25)\n    at Runtime._loadModule (E:\\VSCode_Repo\\tech-oblivion-wpHeadless\\node_modules\\jest-runtime\\build\\index.js:1022:12)\n    at Runtime.requireModule (E:\\VSCode_Repo\\tech-oblivion-wpHeadless\\node_modules\\jest-runtime\\build\\index.js:882:12)\n    at Runtime.requireModuleOrMock (E:\\VSCode_Repo\\tech-oblivion-wpHeadless\\node_modules\\jest-runtime\\build\\index.js:1048:21)\n    at Object.<anonymous> (E:\\VSCode_Repo\\tech-oblivion-wpHeadless\\src\\components\\ui\\checkbox.tsx:15:22)\n    at Runtime._execModule (E:\\VSCode_Repo\\tech-oblivion-wpHeadless\\node_modules\\jest-runtime\\build\\index.js:1439:24)\n    at Runtime._loadModule (E:\\VSCode_Repo\\tech-oblivion-wpHeadless\\node_modules\\jest-runtime\\build\\index.js:1022:12)\n    at Runtime.requireModule (E:\\VSCode_Repo\\tech-oblivion-wpHeadless\\node_modules\\jest-runtime\\build\\index.js:882:12)\n    at Runtime.requireModuleOrMock (E:\\VSCode_Repo\\tech-oblivion-wpHeadless\\node_modules\\jest-runtime\\build\\index.js:1048:21)\n    at Object.<anonymous> (E:\\VSCode_Repo\\tech-oblivion-wpHeadless\\src\\components\\admin\\SelectableTable.tsx:15:19)\n    at Runtime._execModule (E:\\VSCode_Repo\\tech-oblivion-wpHeadless\\node_modules\\jest-runtime\\build\\index.js:1439:24)\n    at Runtime._loadModule (E:\\VSCode_Repo\\tech-oblivion-wpHeadless\\node_modules\\jest-runtime\\build\\index.js:1022:12)\n    at Runtime.requireModule (E:\\VSCode_Repo\\tech-oblivion-wpHeadless\\node_modules\\jest-runtime\\build\\index.js:882:12)\n    at Runtime.requireModuleOrMock (E:\\VSCode_Repo\\tech-oblivion-wpHeadless\\node_modules\\jest-runtime\\build\\index.js:1048:21)\n    at Object.require (E:\\VSCode_Repo\\tech-oblivion-wpHeadless\\src\\__tests__\\components.smoke.test.tsx:29:19)\n    at Promise.then.completed (E:\\VSCode_Repo\\tech-oblivion-wpHeadless\\node_modules\\jest-circus\\build\\utils.js:298:28)\n    at new Promise (<anonymous>)\n    at callAsyncCircusFn (E:\\VSCode_Repo\\tech-oblivion-wpHeadless\\node_modules\\jest-circus\\build\\utils.js:231:10)\n    at _callCircusTest (E:\\VSCode_Repo\\tech-oblivion-wpHeadless\\node_modules\\jest-circus\\build\\run.js:316:40)\n    at _runTest (E:\\VSCode_Repo\\tech-oblivion-wpHeadless\\node_modules\\jest-circus\\build\\run.js:252:3)\n    at _runTestsForDescribeBlock (E:\\VSCode_Repo\\tech-oblivion-wpHeadless\\node_modules\\jest-circus\\build\\run.js:126:9)\n    at _runTestsForDescribeBlock (E:\\VSCode_Repo\\tech-oblivion-wpHeadless\\node_modules\\jest-circus\\build\\run.js:121:9)\n    at run (E:\\VSCode_Repo\\tech-oblivion-wpHeadless\\node_modules\\jest-circus\\build\\run.js:71:3)\n    at runAndTransformResultsToJestFormat (E:\\VSCode_Repo\\tech-oblivion-wpHeadless\\node_modules\\jest-circus\\build\\legacy-code-todo-rewrite\\jestAdapterInit.js:122:21)\n    at jestAdapter (E:\\VSCode_Repo\\tech-oblivion-wpHeadless\\node_modules\\jest-circus\\build\\legacy-code-todo-rewrite\\jestAdapter.js:79:19)\n    at runTestInternal (E:\\VSCode_Repo\\tech-oblivion-wpHeadless\\node_modules\\jest-runner\\build\\runTest.js:367:16)\n    at runTest (E:\\VSCode_Repo\\tech-oblivion-wpHeadless\\node_modules\\jest-runner\\build\\runTest.js:444:34)"],"fullName":"components smoke src/components/admin/SelectableTable.tsx imports and renders (if component)","invocations":1,"location":null,"numPassingAsserts":0,"retryReasons":[],"status":"failed","title":"src/components/admin/SelectableTable.tsx imports and renders (if component)"},{"ancestorTitles":["components smoke"],"duration":36,"failureDetails":[],"failureMessages":[],"fullName":"components smoke src/components/admin/settings/SettingsPanel.tsx imports and renders (if component)","invocations":1,"location":null,"numPassingAsserts":1,"retryReasons":[],"status":"passed","title":"src/components/admin/settings/SettingsPanel.tsx imports and renders (if component)"},{"ancestorTitles":["components smoke"],"duration":2,"failureDetails":[],"failureMessages":[],"fullName":"components smoke src/components/admin/tiles/PostEditorTile.tsx imports and renders (if component)","invocations":1,"location":null,"numPassingAsserts":1,"retryReasons":[],"status":"passed","title":"src/components/admin/tiles/PostEditorTile.tsx imports and renders (if component)"},{"ancestorTitles":["components smoke"],"duration":2,"failureDetails":[],"failureMessages":[],"fullName":"components smoke src/components/admin/tiles/Tile.tsx imports and renders (if component)","invocations":1,"location":null,"numPassingAsserts":1,"retryReasons":[],"status":"passed","title":"src/components/admin/tiles/Tile.tsx imports and renders (if component)"},{"ancestorTitles":["components smoke"],"duration":186,"failureDetails":[{}],"failureMessages":["\u001b[1m\u001b[31mJest encountered an unexpected token\u001b[39m\u001b[22m\n\nJest failed to parse a file. This happens e.g. when your code or its dependencies use non-standard JavaScript syntax, or when Jest is not configured to support such syntax.\n\nOut of the box Jest supports Babel, which will be used to transform your files into valid JS based on your Babel configuration.\n\nBy default \"node_modules\" folder is ignored by transformers.\n\nHere's what you can do:\n • If you are trying to use ECMAScript Modules, see \u001b[4mhttps://jestjs.io/docs/ecmascript-modules\u001b[24m for how to enable it.\n • If you are trying to use TypeScript, see \u001b[4mhttps://jestjs.io/docs/getting-started#using-typescript\u001b[24m\n • To have some of your \"node_modules\" files transformed, you can specify a custom \u001b[1m\"transformIgnorePatterns\"\u001b[22m in your config.\n • If you need a custom transformation specify a \u001b[1m\"transform\"\u001b[22m option in your config.\n • If you simply want to mock your non-JS modules (e.g. binary assets) you can stub them out with the \u001b[1m\"moduleNameMapper\"\u001b[22m config option.\n\nYou'll find more details and examples of these config options in the docs:\n\u001b[36mhttps://jestjs.io/docs/configuration\u001b[39m\nFor information about custom transformations, see:\n\u001b[36mhttps://jestjs.io/docs/code-transformation\u001b[39m\n\n\u001b[1m\u001b[31mDetails:\u001b[39m\u001b[22m\n\nE:\\VSCode_Repo\\tech-oblivion-wpHeadless\\node_modules\\lucide-react\\dist\\esm\\lucide-react.js:8\nimport * as index from './icons/index.js';\n^^^^^^\n\nSyntaxError: Cannot use import statement outside a module\n    at new Script (node:vm:117:7)\n    at Runtime.createScriptFromCode (E:\\VSCode_Repo\\tech-oblivion-wpHeadless\\node_modules\\jest-runtime\\build\\index.js:1505:14)\n    at Runtime._execModule (E:\\VSCode_Repo\\tech-oblivion-wpHeadless\\node_modules\\jest-runtime\\build\\index.js:1399:25)\n    at Runtime._loadModule (E:\\VSCode_Repo\\tech-oblivion-wpHeadless\\node_modules\\jest-runtime\\build\\index.js:1022:12)\n    at Runtime.requireModule (E:\\VSCode_Repo\\tech-oblivion-wpHeadless\\node_modules\\jest-runtime\\build\\index.js:882:12)\n    at Runtime.requireModuleOrMock (E:\\VSCode_Repo\\tech-oblivion-wpHeadless\\node_modules\\jest-runtime\\build\\index.js:1048:21)\n    at Object.<anonymous> (E:\\VSCode_Repo\\tech-oblivion-wpHeadless\\src\\components\\ui\\select.tsx:47:22)\n    at Runtime._execModule (E:\\VSCode_Repo\\tech-oblivion-wpHeadless\\node_modules\\jest-runtime\\build\\index.js:1439:24)\n    at Runtime._loadModule (E:\\VSCode_Repo\\tech-oblivion-wpHeadless\\node_modules\\jest-runtime\\build\\index.js:1022:12)\n    at Runtime.requireModule (E:\\VSCode_Repo\\tech-oblivion-wpHeadless\\node_modules\\jest-runtime\\build\\index.js:882:12)\n    at Runtime.requireModuleOrMock (E:\\VSCode_Repo\\tech-oblivion-wpHeadless\\node_modules\\jest-runtime\\build\\index.js:1048:21)\n    at Object.<anonymous> (E:\\VSCode_Repo\\tech-oblivion-wpHeadless\\src\\components\\analytics\\AnalyticsHeader.tsx:15:17)\n    at Runtime._execModule (E:\\VSCode_Repo\\tech-oblivion-wpHeadless\\node_modules\\jest-runtime\\build\\index.js:1439:24)\n    at Runtime._loadModule (E:\\VSCode_Repo\\tech-oblivion-wpHeadless\\node_modules\\jest-runtime\\build\\index.js:1022:12)\n    at Runtime.requireModule (E:\\VSCode_Repo\\tech-oblivion-wpHeadless\\node_modules\\jest-runtime\\build\\index.js:882:12)\n    at Runtime.requireModuleOrMock (E:\\VSCode_Repo\\tech-oblivion-wpHeadless\\node_modules\\jest-runtime\\build\\index.js:1048:21)\n    at Object.<anonymous> (E:\\VSCode_Repo\\tech-oblivion-wpHeadless\\src\\components\\analytics\\AnalyticsDashboard.tsx:17:65)\n    at Runtime._execModule (E:\\VSCode_Repo\\tech-oblivion-wpHeadless\\node_modules\\jest-runtime\\build\\index.js:1439:24)\n    at Runtime._loadModule (E:\\VSCode_Repo\\tech-oblivion-wpHeadless\\node_modules\\jest-runtime\\build\\index.js:1022:12)\n    at Runtime.requireModule (E:\\VSCode_Repo\\tech-oblivion-wpHeadless\\node_modules\\jest-runtime\\build\\index.js:882:12)\n    at Runtime.requireModuleOrMock (E:\\VSCode_Repo\\tech-oblivion-wpHeadless\\node_modules\\jest-runtime\\build\\index.js:1048:21)\n    at Object.<anonymous> (E:\\VSCode_Repo\\tech-oblivion-wpHeadless\\src\\components\\admin\\UnifiedAdmin.tsx:16:68)\n    at Runtime._execModule (E:\\VSCode_Repo\\tech-oblivion-wpHeadless\\node_modules\\jest-runtime\\build\\index.js:1439:24)\n    at Runtime._loadModule (E:\\VSCode_Repo\\tech-oblivion-wpHeadless\\node_modules\\jest-runtime\\build\\index.js:1022:12)\n    at Runtime.requireModule (E:\\VSCode_Repo\\tech-oblivion-wpHeadless\\node_modules\\jest-runtime\\build\\index.js:882:12)\n    at Runtime.requireModuleOrMock (E:\\VSCode_Repo\\tech-oblivion-wpHeadless\\node_modules\\jest-runtime\\build\\index.js:1048:21)\n    at Object.require (E:\\VSCode_Repo\\tech-oblivion-wpHeadless\\src\\__tests__\\components.smoke.test.tsx:29:19)\n    at Promise.then.completed (E:\\VSCode_Repo\\tech-oblivion-wpHeadless\\node_modules\\jest-circus\\build\\utils.js:298:28)\n    at new Promise (<anonymous>)\n    at callAsyncCircusFn (E:\\VSCode_Repo\\tech-oblivion-wpHeadless\\node_modules\\jest-circus\\build\\utils.js:231:10)\n    at _callCircusTest (E:\\VSCode_Repo\\tech-oblivion-wpHeadless\\node_modules\\jest-circus\\build\\run.js:316:40)\n    at _runTest (E:\\VSCode_Repo\\tech-oblivion-wpHeadless\\node_modules\\jest-circus\\build\\run.js:252:3)\n    at _runTestsForDescribeBlock (E:\\VSCode_Repo\\tech-oblivion-wpHeadless\\node_modules\\jest-circus\\build\\run.js:126:9)\n    at _runTestsForDescribeBlock (E:\\VSCode_Repo\\tech-oblivion-wpHeadless\\node_modules\\jest-circus\\build\\run.js:121:9)\n    at run (E:\\VSCode_Repo\\tech-oblivion-wpHeadless\\node_modules\\jest-circus\\build\\run.js:71:3)\n    at runAndTransformResultsToJestFormat (E:\\VSCode_Repo\\tech-oblivion-wpHeadless\\node_modules\\jest-circus\\build\\legacy-code-todo-rewrite\\jestAdapterInit.js:122:21)\n    at jestAdapter (E:\\VSCode_Repo\\tech-oblivion-wpHeadless\\node_modules\\jest-circus\\build\\legacy-code-todo-rewrite\\jestAdapter.js:79:19)\n    at runTestInternal (E:\\VSCode_Repo\\tech-oblivion-wpHeadless\\node_modules\\jest-runner\\build\\runTest.js:367:16)\n    at runTest (E:\\VSCode_Repo\\tech-oblivion-wpHeadless\\node_modules\\jest-runner\\build\\runTest.js:444:34)"],"fullName":"components smoke src/components/admin/UnifiedAdmin.tsx imports and renders (if component)","invocations":1,"location":null,"numPassingAsserts":0,"retryReasons":[],"status":"failed","title":"src/components/admin/UnifiedAdmin.tsx imports and renders (if component)"},{"ancestorTitles":["components smoke"],"duration":416,"failureDetails":[{"matcherResult":{"message":"\u001b[2mexpect(\u001b[22m\u001b[31mreceived\u001b[39m\u001b[2m).\u001b[22mtoBeNull\u001b[2m()\u001b[22m\n\nReceived: \u001b[31m<div data-testid=\"error\">Tile failed</div>\u001b[39m","pass":false}}],"failureMessages":["Error: \u001b[2mexpect(\u001b[22m\u001b[31mreceived\u001b[39m\u001b[2m).\u001b[22mtoBeNull\u001b[2m()\u001b[22m\n\nReceived: \u001b[31m<div data-testid=\"error\">Tile failed</div>\u001b[39m\n    at Object.toBeNull (E:\\VSCode_Repo\\tech-oblivion-wpHeadless\\src\\__tests__\\components.smoke.test.tsx:38:40)\n    at Promise.then.completed (E:\\VSCode_Repo\\tech-oblivion-wpHeadless\\node_modules\\jest-circus\\build\\utils.js:298:28)\n    at new Promise (<anonymous>)\n    at callAsyncCircusFn (E:\\VSCode_Repo\\tech-oblivion-wpHeadless\\node_modules\\jest-circus\\build\\utils.js:231:10)\n    at _callCircusTest (E:\\VSCode_Repo\\tech-oblivion-wpHeadless\\node_modules\\jest-circus\\build\\run.js:316:40)\n    at _runTest (E:\\VSCode_Repo\\tech-oblivion-wpHeadless\\node_modules\\jest-circus\\build\\run.js:252:3)\n    at _runTestsForDescribeBlock (E:\\VSCode_Repo\\tech-oblivion-wpHeadless\\node_modules\\jest-circus\\build\\run.js:126:9)\n    at _runTestsForDescribeBlock (E:\\VSCode_Repo\\tech-oblivion-wpHeadless\\node_modules\\jest-circus\\build\\run.js:121:9)\n    at run (E:\\VSCode_Repo\\tech-oblivion-wpHeadless\\node_modules\\jest-circus\\build\\run.js:71:3)\n    at runAndTransformResultsToJestFormat (E:\\VSCode_Repo\\tech-oblivion-wpHeadless\\node_modules\\jest-circus\\build\\legacy-code-todo-rewrite\\jestAdapterInit.js:122:21)\n    at jestAdapter (E:\\VSCode_Repo\\tech-oblivion-wpHeadless\\node_modules\\jest-circus\\build\\legacy-code-todo-rewrite\\jestAdapter.js:79:19)\n    at runTestInternal (E:\\VSCode_Repo\\tech-oblivion-wpHeadless\\node_modules\\jest-runner\\build\\runTest.js:367:16)\n    at runTest (E:\\VSCode_Repo\\tech-oblivion-wpHeadless\\node_modules\\jest-runner\\build\\runTest.js:444:34)"],"fullName":"components smoke src/components/analytics/AnalyticsCharts.tsx imports and renders (if component)","invocations":1,"location":null,"numPassingAsserts":0,"retryReasons":[],"status":"failed","title":"src/components/analytics/AnalyticsCharts.tsx imports and renders (if component)"},{"ancestorTitles":["components smoke"],"duration":2,"failureDetails":[{}],"failureMessages":["\u001b[1m\u001b[31mJest encountered an unexpected token\u001b[39m\u001b[22m\n\nJest failed to parse a file. This happens e.g. when your code or its dependencies use non-standard JavaScript syntax, or when Jest is not configured to support such syntax.\n\nOut of the box Jest supports Babel, which will be used to transform your files into valid JS based on your Babel configuration.\n\nBy default \"node_modules\" folder is ignored by transformers.\n\nHere's what you can do:\n • If you are trying to use ECMAScript Modules, see \u001b[4mhttps://jestjs.io/docs/ecmascript-modules\u001b[24m for how to enable it.\n • If you are trying to use TypeScript, see \u001b[4mhttps://jestjs.io/docs/getting-started#using-typescript\u001b[24m\n • To have some of your \"node_modules\" files transformed, you can specify a custom \u001b[1m\"transformIgnorePatterns\"\u001b[22m in your config.\n • If you need a custom transformation specify a \u001b[1m\"transform\"\u001b[22m option in your config.\n • If you simply want to mock your non-JS modules (e.g. binary assets) you can stub them out with the \u001b[1m\"moduleNameMapper\"\u001b[22m config option.\n\nYou'll find more details and examples of these config options in the docs:\n\u001b[36mhttps://jestjs.io/docs/configuration\u001b[39m\nFor information about custom transformations, see:\n\u001b[36mhttps://jestjs.io/docs/code-transformation\u001b[39m\n\n\u001b[1m\u001b[31mDetails:\u001b[39m\u001b[22m\n\nE:\\VSCode_Repo\\tech-oblivion-wpHeadless\\node_modules\\lucide-react\\dist\\esm\\lucide-react.js:8\nimport * as index from './icons/index.js';\n^^^^^^\n\nSyntaxError: Cannot use import statement outside a module\n    at new Script (node:vm:117:7)\n    at Runtime.createScriptFromCode (E:\\VSCode_Repo\\tech-oblivion-wpHeadless\\node_modules\\jest-runtime\\build\\index.js:1505:14)\n    at Runtime._execModule (E:\\VSCode_Repo\\tech-oblivion-wpHeadless\\node_modules\\jest-runtime\\build\\index.js:1399:25)\n    at Runtime._loadModule (E:\\VSCode_Repo\\tech-oblivion-wpHeadless\\node_modules\\jest-runtime\\build\\index.js:1022:12)\n    at Runtime.requireModule (E:\\VSCode_Repo\\tech-oblivion-wpHeadless\\node_modules\\jest-runtime\\build\\index.js:882:12)\n    at Runtime.requireModuleOrMock (E:\\VSCode_Repo\\tech-oblivion-wpHeadless\\node_modules\\jest-runtime\\build\\index.js:1048:21)\n    at Object.<anonymous> (E:\\VSCode_Repo\\tech-oblivion-wpHeadless\\src\\components\\ui\\select.tsx:47:22)\n    at Runtime._execModule (E:\\VSCode_Repo\\tech-oblivion-wpHeadless\\node_modules\\jest-runtime\\build\\index.js:1439:24)\n    at Runtime._loadModule (E:\\VSCode_Repo\\tech-oblivion-wpHeadless\\node_modules\\jest-runtime\\build\\index.js:1022:12)\n    at Runtime.requireModule (E:\\VSCode_Repo\\tech-oblivion-wpHeadless\\node_modules\\jest-runtime\\build\\index.js:882:12)\n    at Runtime.requireModuleOrMock (E:\\VSCode_Repo\\tech-oblivion-wpHeadless\\node_modules\\jest-runtime\\build\\index.js:1048:21)\n    at Object.<anonymous> (E:\\VSCode_Repo\\tech-oblivion-wpHeadless\\src\\components\\analytics\\AnalyticsHeader.tsx:15:17)\n    at Runtime._execModule (E:\\VSCode_Repo\\tech-oblivion-wpHeadless\\node_modules\\jest-runtime\\build\\index.js:1439:24)\n    at Runtime._loadModule (E:\\VSCode_Repo\\tech-oblivion-wpHeadless\\node_modules\\jest-runtime\\build\\index.js:1022:12)\n    at Runtime.requireModule (E:\\VSCode_Repo\\tech-oblivion-wpHeadless\\node_modules\\jest-runtime\\build\\index.js:882:12)\n    at Runtime.requireModuleOrMock (E:\\VSCode_Repo\\tech-oblivion-wpHeadless\\node_modules\\jest-runtime\\build\\index.js:1048:21)\n    at Object.<anonymous> (E:\\VSCode_Repo\\tech-oblivion-wpHeadless\\src\\components\\analytics\\AnalyticsDashboard.tsx:17:65)\n    at Runtime._execModule (E:\\VSCode_Repo\\tech-oblivion-wpHeadless\\node_modules\\jest-runtime\\build\\index.js:1439:24)\n    at Runtime._loadModule (E:\\VSCode_Repo\\tech-oblivion-wpHeadless\\node_modules\\jest-runtime\\build\\index.js:1022:12)\n    at Runtime.requireModule (E:\\VSCode_Repo\\tech-oblivion-wpHeadless\\node_modules\\jest-runtime\\build\\index.js:882:12)\n    at Runtime.requireModuleOrMock (E:\\VSCode_Repo\\tech-oblivion-wpHeadless\\node_modules\\jest-runtime\\build\\index.js:1048:21)\n    at Object.require (E:\\VSCode_Repo\\tech-oblivion-wpHeadless\\src\\__tests__\\components.smoke.test.tsx:29:19)\n    at Promise.then.completed (E:\\VSCode_Repo\\tech-oblivion-wpHeadless\\node_modules\\jest-circus\\build\\utils.js:298:28)\n    at new Promise (<anonymous>)\n    at callAsyncCircusFn (E:\\VSCode_Repo\\tech-oblivion-wpHeadless\\node_modules\\jest-circus\\build\\utils.js:231:10)\n    at _callCircusTest (E:\\VSCode_Repo\\tech-oblivion-wpHeadless\\node_modules\\jest-circus\\build\\run.js:316:40)\n    at _runTest (E:\\VSCode_Repo\\tech-oblivion-wpHeadless\\node_modules\\jest-circus\\build\\run.js:252:3)\n    at _runTestsForDescribeBlock (E:\\VSCode_Repo\\tech-oblivion-wpHeadless\\node_modules\\jest-circus\\build\\run.js:126:9)\n    at _runTestsForDescribeBlock (E:\\VSCode_Repo\\tech-oblivion-wpHeadless\\node_modules\\jest-circus\\build\\run.js:121:9)\n    at run (E:\\VSCode_Repo\\tech-oblivion-wpHeadless\\node_modules\\jest-circus\\build\\run.js:71:3)\n    at runAndTransformResultsToJestFormat (E:\\VSCode_Repo\\tech-oblivion-wpHeadless\\node_modules\\jest-circus\\build\\legacy-code-todo-rewrite\\jestAdapterInit.js:122:21)\n    at jestAdapter (E:\\VSCode_Repo\\tech-oblivion-wpHeadless\\node_modules\\jest-circus\\build\\legacy-code-todo-rewrite\\jestAdapter.js:79:19)\n    at runTestInternal (E:\\VSCode_Repo\\tech-oblivion-wpHeadless\\node_modules\\jest-runner\\build\\runTest.js:367:16)\n    at runTest (E:\\VSCode_Repo\\tech-oblivion-wpHeadless\\node_modules\\jest-runner\\build\\runTest.js:444:34)"],"fullName":"components smoke src/components/analytics/AnalyticsDashboard.tsx imports and renders (if component)","invocations":1,"location":null,"numPassingAsserts":0,"retryReasons":[],"status":"failed","title":"src/components/analytics/AnalyticsDashboard.tsx imports and renders (if component)"},{"ancestorTitles":["components smoke"],"duration":1,"failureDetails":[{}],"failureMessages":["\u001b[1m\u001b[31mJest encountered an unexpected token\u001b[39m\u001b[22m\n\nJest failed to parse a file. This happens e.g. when your code or its dependencies use non-standard JavaScript syntax, or when Jest is not configured to support such syntax.\n\nOut of the box Jest supports Babel, which will be used to transform your files into valid JS based on your Babel configuration.\n\nBy default \"node_modules\" folder is ignored by transformers.\n\nHere's what you can do:\n • If you are trying to use ECMAScript Modules, see \u001b[4mhttps://jestjs.io/docs/ecmascript-modules\u001b[24m for how to enable it.\n • If you are trying to use TypeScript, see \u001b[4mhttps://jestjs.io/docs/getting-started#using-typescript\u001b[24m\n • To have some of your \"node_modules\" files transformed, you can specify a custom \u001b[1m\"transformIgnorePatterns\"\u001b[22m in your config.\n • If you need a custom transformation specify a \u001b[1m\"transform\"\u001b[22m option in your config.\n • If you simply want to mock your non-JS modules (e.g. binary assets) you can stub them out with the \u001b[1m\"moduleNameMapper\"\u001b[22m config option.\n\nYou'll find more details and examples of these config options in the docs:\n\u001b[36mhttps://jestjs.io/docs/configuration\u001b[39m\nFor information about custom transformations, see:\n\u001b[36mhttps://jestjs.io/docs/code-transformation\u001b[39m\n\n\u001b[1m\u001b[31mDetails:\u001b[39m\u001b[22m\n\nE:\\VSCode_Repo\\tech-oblivion-wpHeadless\\node_modules\\lucide-react\\dist\\esm\\lucide-react.js:8\nimport * as index from './icons/index.js';\n^^^^^^\n\nSyntaxError: Cannot use import statement outside a module\n    at new Script (node:vm:117:7)\n    at Runtime.createScriptFromCode (E:\\VSCode_Repo\\tech-oblivion-wpHeadless\\node_modules\\jest-runtime\\build\\index.js:1505:14)\n    at Runtime._execModule (E:\\VSCode_Repo\\tech-oblivion-wpHeadless\\node_modules\\jest-runtime\\build\\index.js:1399:25)\n    at Runtime._loadModule (E:\\VSCode_Repo\\tech-oblivion-wpHeadless\\node_modules\\jest-runtime\\build\\index.js:1022:12)\n    at Runtime.requireModule (E:\\VSCode_Repo\\tech-oblivion-wpHeadless\\node_modules\\jest-runtime\\build\\index.js:882:12)\n    at Runtime.requireModuleOrMock (E:\\VSCode_Repo\\tech-oblivion-wpHeadless\\node_modules\\jest-runtime\\build\\index.js:1048:21)\n    at Object.<anonymous> (E:\\VSCode_Repo\\tech-oblivion-wpHeadless\\src\\components\\ui\\select.tsx:47:22)\n    at Runtime._execModule (E:\\VSCode_Repo\\tech-oblivion-wpHeadless\\node_modules\\jest-runtime\\build\\index.js:1439:24)\n    at Runtime._loadModule (E:\\VSCode_Repo\\tech-oblivion-wpHeadless\\node_modules\\jest-runtime\\build\\index.js:1022:12)\n    at Runtime.requireModule (E:\\VSCode_Repo\\tech-oblivion-wpHeadless\\node_modules\\jest-runtime\\build\\index.js:882:12)\n    at Runtime.requireModuleOrMock (E:\\VSCode_Repo\\tech-oblivion-wpHeadless\\node_modules\\jest-runtime\\build\\index.js:1048:21)\n    at Object.<anonymous> (E:\\VSCode_Repo\\tech-oblivion-wpHeadless\\src\\components\\analytics\\AnalyticsHeader.tsx:15:17)\n    at Runtime._execModule (E:\\VSCode_Repo\\tech-oblivion-wpHeadless\\node_modules\\jest-runtime\\build\\index.js:1439:24)\n    at Runtime._loadModule (E:\\VSCode_Repo\\tech-oblivion-wpHeadless\\node_modules\\jest-runtime\\build\\index.js:1022:12)\n    at Runtime.requireModule (E:\\VSCode_Repo\\tech-oblivion-wpHeadless\\node_modules\\jest-runtime\\build\\index.js:882:12)\n    at Runtime.requireModuleOrMock (E:\\VSCode_Repo\\tech-oblivion-wpHeadless\\node_modules\\jest-runtime\\build\\index.js:1048:21)\n    at Object.require (E:\\VSCode_Repo\\tech-oblivion-wpHeadless\\src\\__tests__\\components.smoke.test.tsx:29:19)\n    at Promise.then.completed (E:\\VSCode_Repo\\tech-oblivion-wpHeadless\\node_modules\\jest-circus\\build\\utils.js:298:28)\n    at new Promise (<anonymous>)\n    at callAsyncCircusFn (E:\\VSCode_Repo\\tech-oblivion-wpHeadless\\node_modules\\jest-circus\\build\\utils.js:231:10)\n    at _callCircusTest (E:\\VSCode_Repo\\tech-oblivion-wpHeadless\\node_modules\\jest-circus\\build\\run.js:316:40)\n    at _runTest (E:\\VSCode_Repo\\tech-oblivion-wpHeadless\\node_modules\\jest-circus\\build\\run.js:252:3)\n    at _runTestsForDescribeBlock (E:\\VSCode_Repo\\tech-oblivion-wpHeadless\\node_modules\\jest-circus\\build\\run.js:126:9)\n    at _runTestsForDescribeBlock (E:\\VSCode_Repo\\tech-oblivion-wpHeadless\\node_modules\\jest-circus\\build\\run.js:121:9)\n    at run (E:\\VSCode_Repo\\tech-oblivion-wpHeadless\\node_modules\\jest-circus\\build\\run.js:71:3)\n    at runAndTransformResultsToJestFormat (E:\\VSCode_Repo\\tech-oblivion-wpHeadless\\node_modules\\jest-circus\\build\\legacy-code-todo-rewrite\\jestAdapterInit.js:122:21)\n    at jestAdapter (E:\\VSCode_Repo\\tech-oblivion-wpHeadless\\node_modules\\jest-circus\\build\\legacy-code-todo-rewrite\\jestAdapter.js:79:19)\n    at runTestInternal (E:\\VSCode_Repo\\tech-oblivion-wpHeadless\\node_modules\\jest-runner\\build\\runTest.js:367:16)\n    at runTest (E:\\VSCode_Repo\\tech-oblivion-wpHeadless\\node_modules\\jest-runner\\build\\runTest.js:444:34)"],"fullName":"components smoke src/components/analytics/AnalyticsHeader.tsx imports and renders (if component)","invocations":1,"location":null,"numPassingAsserts":0,"retryReasons":[],"status":"failed","title":"src/components/analytics/AnalyticsHeader.tsx imports and renders (if component)"},{"ancestorTitles":["components smoke"],"duration":10,"failureDetails":[{"matcherResult":{"message":"\u001b[2mexpect(\u001b[22m\u001b[31mreceived\u001b[39m\u001b[2m).\u001b[22mtoBeNull\u001b[2m()\u001b[22m\n\nReceived: \u001b[31m<div data-testid=\"error\">Tile failed</div>\u001b[39m","pass":false}}],"failureMessages":["Error: \u001b[2mexpect(\u001b[22m\u001b[31mreceived\u001b[39m\u001b[2m).\u001b[22mtoBeNull\u001b[2m()\u001b[22m\n\nReceived: \u001b[31m<div data-testid=\"error\">Tile failed</div>\u001b[39m\n    at Object.toBeNull (E:\\VSCode_Repo\\tech-oblivion-wpHeadless\\src\\__tests__\\components.smoke.test.tsx:38:40)\n    at Promise.then.completed (E:\\VSCode_Repo\\tech-oblivion-wpHeadless\\node_modules\\jest-circus\\build\\utils.js:298:28)\n    at new Promise (<anonymous>)\n    at callAsyncCircusFn (E:\\VSCode_Repo\\tech-oblivion-wpHeadless\\node_modules\\jest-circus\\build\\utils.js:231:10)\n    at _callCircusTest (E:\\VSCode_Repo\\tech-oblivion-wpHeadless\\node_modules\\jest-circus\\build\\run.js:316:40)\n    at _runTest (E:\\VSCode_Repo\\tech-oblivion-wpHeadless\\node_modules\\jest-circus\\build\\run.js:252:3)\n    at _runTestsForDescribeBlock (E:\\VSCode_Repo\\tech-oblivion-wpHeadless\\node_modules\\jest-circus\\build\\run.js:126:9)\n    at _runTestsForDescribeBlock (E:\\VSCode_Repo\\tech-oblivion-wpHeadless\\node_modules\\jest-circus\\build\\run.js:121:9)\n    at run (E:\\VSCode_Repo\\tech-oblivion-wpHeadless\\node_modules\\jest-circus\\build\\run.js:71:3)\n    at runAndTransformResultsToJestFormat (E:\\VSCode_Repo\\tech-oblivion-wpHeadless\\node_modules\\jest-circus\\build\\legacy-code-todo-rewrite\\jestAdapterInit.js:122:21)\n    at jestAdapter (E:\\VSCode_Repo\\tech-oblivion-wpHeadless\\node_modules\\jest-circus\\build\\legacy-code-todo-rewrite\\jestAdapter.js:79:19)\n    at runTestInternal (E:\\VSCode_Repo\\tech-oblivion-wpHeadless\\node_modules\\jest-runner\\build\\runTest.js:367:16)\n    at runTest (E:\\VSCode_Repo\\tech-oblivion-wpHeadless\\node_modules\\jest-runner\\build\\runTest.js:444:34)"],"fullName":"components smoke src/components/analytics/AnalyticsSidebar.tsx imports and renders (if component)","invocations":1,"location":null,"numPassingAsserts":0,"retryReasons":[],"status":"failed","title":"src/components/analytics/AnalyticsSidebar.tsx imports and renders (if component)"},{"ancestorTitles":["components smoke"],"duration":19,"failureDetails":[{"matcherResult":{"message":"\u001b[2mexpect(\u001b[22m\u001b[31mreceived\u001b[39m\u001b[2m).\u001b[22mtoBeNull\u001b[2m()\u001b[22m\n\nReceived: \u001b[31m<div data-testid=\"error\">Tile failed</div>\u001b[39m","pass":false}}],"failureMessages":["Error: \u001b[2mexpect(\u001b[22m\u001b[31mreceived\u001b[39m\u001b[2m).\u001b[22mtoBeNull\u001b[2m()\u001b[22m\n\nReceived: \u001b[31m<div data-testid=\"error\">Tile failed</div>\u001b[39m\n    at Object.toBeNull (E:\\VSCode_Repo\\tech-oblivion-wpHeadless\\src\\__tests__\\components.smoke.test.tsx:38:40)\n    at Promise.then.completed (E:\\VSCode_Repo\\tech-oblivion-wpHeadless\\node_modules\\jest-circus\\build\\utils.js:298:28)\n    at new Promise (<anonymous>)\n    at callAsyncCircusFn (E:\\VSCode_Repo\\tech-oblivion-wpHeadless\\node_modules\\jest-circus\\build\\utils.js:231:10)\n    at _callCircusTest (E:\\VSCode_Repo\\tech-oblivion-wpHeadless\\node_modules\\jest-circus\\build\\run.js:316:40)\n    at _runTest (E:\\VSCode_Repo\\tech-oblivion-wpHeadless\\node_modules\\jest-circus\\build\\run.js:252:3)\n    at _runTestsForDescribeBlock (E:\\VSCode_Repo\\tech-oblivion-wpHeadless\\node_modules\\jest-circus\\build\\run.js:126:9)\n    at _runTestsForDescribeBlock (E:\\VSCode_Repo\\tech-oblivion-wpHeadless\\node_modules\\jest-circus\\build\\run.js:121:9)\n    at run (E:\\VSCode_Repo\\tech-oblivion-wpHeadless\\node_modules\\jest-circus\\build\\run.js:71:3)\n    at runAndTransformResultsToJestFormat (E:\\VSCode_Repo\\tech-oblivion-wpHeadless\\node_modules\\jest-circus\\build\\legacy-code-todo-rewrite\\jestAdapterInit.js:122:21)\n    at jestAdapter (E:\\VSCode_Repo\\tech-oblivion-wpHeadless\\node_modules\\jest-circus\\build\\legacy-code-todo-rewrite\\jestAdapter.js:79:19)\n    at runTestInternal (E:\\VSCode_Repo\\tech-oblivion-wpHeadless\\node_modules\\jest-runner\\build\\runTest.js:367:16)\n    at runTest (E:\\VSCode_Repo\\tech-oblivion-wpHeadless\\node_modules\\jest-runner\\build\\runTest.js:444:34)"],"fullName":"components smoke src/components/analytics/AnalyticsTable.tsx imports and renders (if component)","invocations":1,"location":null,"numPassingAsserts":0,"retryReasons":[],"status":"failed","title":"src/components/analytics/AnalyticsTable.tsx imports and renders (if component)"},{"ancestorTitles":["components smoke"],"duration":4,"failureDetails":[{}],"failureMessages":["\u001b[1m\u001b[31mJest encountered an unexpected token\u001b[39m\u001b[22m\n\nJest failed to parse a file. This happens e.g. when your code or its dependencies use non-standard JavaScript syntax, or when Jest is not configured to support such syntax.\n\nOut of the box Jest supports Babel, which will be used to transform your files into valid JS based on your Babel configuration.\n\nBy default \"node_modules\" folder is ignored by transformers.\n\nHere's what you can do:\n • If you are trying to use ECMAScript Modules, see \u001b[4mhttps://jestjs.io/docs/ecmascript-modules\u001b[24m for how to enable it.\n • If you are trying to use TypeScript, see \u001b[4mhttps://jestjs.io/docs/getting-started#using-typescript\u001b[24m\n • To have some of your \"node_modules\" files transformed, you can specify a custom \u001b[1m\"transformIgnorePatterns\"\u001b[22m in your config.\n • If you need a custom transformation specify a \u001b[1m\"transform\"\u001b[22m option in your config.\n • If you simply want to mock your non-JS modules (e.g. binary assets) you can stub them out with the \u001b[1m\"moduleNameMapper\"\u001b[22m config option.\n\nYou'll find more details and examples of these config options in the docs:\n\u001b[36mhttps://jestjs.io/docs/configuration\u001b[39m\nFor information about custom transformations, see:\n\u001b[36mhttps://jestjs.io/docs/code-transformation\u001b[39m\n\n\u001b[1m\u001b[31mDetails:\u001b[39m\u001b[22m\n\nE:\\VSCode_Repo\\tech-oblivion-wpHeadless\\node_modules\\d3-scale\\src\\index.js:1\n({\"Object.<anonymous>\":function(module,exports,require,__dirname,__filename,jest){export {\n                                                                                  ^^^^^^\n\nSyntaxError: Unexpected token 'export'\n    at new Script (node:vm:117:7)\n    at Runtime.createScriptFromCode (E:\\VSCode_Repo\\tech-oblivion-wpHeadless\\node_modules\\jest-runtime\\build\\index.js:1505:14)\n    at Runtime._execModule (E:\\VSCode_Repo\\tech-oblivion-wpHeadless\\node_modules\\jest-runtime\\build\\index.js:1399:25)\n    at Runtime._loadModule (E:\\VSCode_Repo\\tech-oblivion-wpHeadless\\node_modules\\jest-runtime\\build\\index.js:1022:12)\n    at Runtime.requireModule (E:\\VSCode_Repo\\tech-oblivion-wpHeadless\\node_modules\\jest-runtime\\build\\index.js:882:12)\n    at Runtime.requireModuleOrMock (E:\\VSCode_Repo\\tech-oblivion-wpHeadless\\node_modules\\jest-runtime\\build\\index.js:1048:21)\n    at Object.<anonymous> (E:\\VSCode_Repo\\tech-oblivion-wpHeadless\\src\\components\\analytics\\AnalyticsWorldMap.tsx:15:18)\n    at Runtime._execModule (E:\\VSCode_Repo\\tech-oblivion-wpHeadless\\node_modules\\jest-runtime\\build\\index.js:1439:24)\n    at Runtime._loadModule (E:\\VSCode_Repo\\tech-oblivion-wpHeadless\\node_modules\\jest-runtime\\build\\index.js:1022:12)\n    at Runtime.requireModule (E:\\VSCode_Repo\\tech-oblivion-wpHeadless\\node_modules\\jest-runtime\\build\\index.js:882:12)\n    at Runtime.requireModuleOrMock (E:\\VSCode_Repo\\tech-oblivion-wpHeadless\\node_modules\\jest-runtime\\build\\index.js:1048:21)\n    at Object.require (E:\\VSCode_Repo\\tech-oblivion-wpHeadless\\src\\__tests__\\components.smoke.test.tsx:29:19)\n    at Promise.then.completed (E:\\VSCode_Repo\\tech-oblivion-wpHeadless\\node_modules\\jest-circus\\build\\utils.js:298:28)\n    at new Promise (<anonymous>)\n    at callAsyncCircusFn (E:\\VSCode_Repo\\tech-oblivion-wpHeadless\\node_modules\\jest-circus\\build\\utils.js:231:10)\n    at _callCircusTest (E:\\VSCode_Repo\\tech-oblivion-wpHeadless\\node_modules\\jest-circus\\build\\run.js:316:40)\n    at _runTest (E:\\VSCode_Repo\\tech-oblivion-wpHeadless\\node_modules\\jest-circus\\build\\run.js:252:3)\n    at _runTestsForDescribeBlock (E:\\VSCode_Repo\\tech-oblivion-wpHeadless\\node_modules\\jest-circus\\build\\run.js:126:9)\n    at _runTestsForDescribeBlock (E:\\VSCode_Repo\\tech-oblivion-wpHeadless\\node_modules\\jest-circus\\build\\run.js:121:9)\n    at run (E:\\VSCode_Repo\\tech-oblivion-wpHeadless\\node_modules\\jest-circus\\build\\run.js:71:3)\n    at runAndTransformResultsToJestFormat (E:\\VSCode_Repo\\tech-oblivion-wpHeadless\\node_modules\\jest-circus\\build\\legacy-code-todo-rewrite\\jestAdapterInit.js:122:21)\n    at jestAdapter (E:\\VSCode_Repo\\tech-oblivion-wpHeadless\\node_modules\\jest-circus\\build\\legacy-code-todo-rewrite\\jestAdapter.js:79:19)\n    at runTestInternal (E:\\VSCode_Repo\\tech-oblivion-wpHeadless\\node_modules\\jest-runner\\build\\runTest.js:367:16)\n    at runTest (E:\\VSCode_Repo\\tech-oblivion-wpHeadless\\node_modules\\jest-runner\\build\\runTest.js:444:34)"],"fullName":"components smoke src/components/analytics/AnalyticsWorldMap.tsx imports and renders (if component)","invocations":1,"location":null,"numPassingAsserts":0,"retryReasons":[],"status":"failed","title":"src/components/analytics/AnalyticsWorldMap.tsx imports and renders (if component)"},{"ancestorTitles":["components smoke"],"duration":9,"failureDetails":[{"matcherResult":{"message":"\u001b[2mexpect(\u001b[22m\u001b[31mreceived\u001b[39m\u001b[2m).\u001b[22mtoBeNull\u001b[2m()\u001b[22m\n\nReceived: \u001b[31m<div data-testid=\"error\">Tile failed</div>\u001b[39m","pass":false}}],"failureMessages":["Error: \u001b[2mexpect(\u001b[22m\u001b[31mreceived\u001b[39m\u001b[2m).\u001b[22mtoBeNull\u001b[2m()\u001b[22m\n\nReceived: \u001b[31m<div data-testid=\"error\">Tile failed</div>\u001b[39m\n    at Object.toBeNull (E:\\VSCode_Repo\\tech-oblivion-wpHeadless\\src\\__tests__\\components.smoke.test.tsx:38:40)\n    at Promise.then.completed (E:\\VSCode_Repo\\tech-oblivion-wpHeadless\\node_modules\\jest-circus\\build\\utils.js:298:28)\n    at new Promise (<anonymous>)\n    at callAsyncCircusFn (E:\\VSCode_Repo\\tech-oblivion-wpHeadless\\node_modules\\jest-circus\\build\\utils.js:231:10)\n    at _callCircusTest (E:\\VSCode_Repo\\tech-oblivion-wpHeadless\\node_modules\\jest-circus\\build\\run.js:316:40)\n    at _runTest (E:\\VSCode_Repo\\tech-oblivion-wpHeadless\\node_modules\\jest-circus\\build\\run.js:252:3)\n    at _runTestsForDescribeBlock (E:\\VSCode_Repo\\tech-oblivion-wpHeadless\\node_modules\\jest-circus\\build\\run.js:126:9)\n    at _runTestsForDescribeBlock (E:\\VSCode_Repo\\tech-oblivion-wpHeadless\\node_modules\\jest-circus\\build\\run.js:121:9)\n    at run (E:\\VSCode_Repo\\tech-oblivion-wpHeadless\\node_modules\\jest-circus\\build\\run.js:71:3)\n    at runAndTransformResultsToJestFormat (E:\\VSCode_Repo\\tech-oblivion-wpHeadless\\node_modules\\jest-circus\\build\\legacy-code-todo-rewrite\\jestAdapterInit.js:122:21)\n    at jestAdapter (E:\\VSCode_Repo\\tech-oblivion-wpHeadless\\node_modules\\jest-circus\\build\\legacy-code-todo-rewrite\\jestAdapter.js:79:19)\n    at runTestInternal (E:\\VSCode_Repo\\tech-oblivion-wpHeadless\\node_modules\\jest-runner\\build\\runTest.js:367:16)\n    at runTest (E:\\VSCode_Repo\\tech-oblivion-wpHeadless\\node_modules\\jest-runner\\build\\runTest.js:444:34)"],"fullName":"components smoke src/components/analytics/SessionsChart.tsx imports and renders (if component)","invocations":1,"location":null,"numPassingAsserts":0,"retryReasons":[],"status":"failed","title":"src/components/analytics/SessionsChart.tsx imports and renders (if component)"},{"ancestorTitles":["components smoke"],"duration":8,"failureDetails":[{"matcherResult":{"message":"\u001b[2mexpect(\u001b[22m\u001b[31mreceived\u001b[39m\u001b[2m).\u001b[22mtoBeNull\u001b[2m()\u001b[22m\n\nReceived: \u001b[31m<div data-testid=\"error\">Tile failed</div>\u001b[39m","pass":false}}],"failureMessages":["Error: \u001b[2mexpect(\u001b[22m\u001b[31mreceived\u001b[39m\u001b[2m).\u001b[22mtoBeNull\u001b[2m()\u001b[22m\n\nReceived: \u001b[31m<div data-testid=\"error\">Tile failed</div>\u001b[39m\n    at Object.toBeNull (E:\\VSCode_Repo\\tech-oblivion-wpHeadless\\src\\__tests__\\components.smoke.test.tsx:38:40)\n    at Promise.then.completed (E:\\VSCode_Repo\\tech-oblivion-wpHeadless\\node_modules\\jest-circus\\build\\utils.js:298:28)\n    at new Promise (<anonymous>)\n    at callAsyncCircusFn (E:\\VSCode_Repo\\tech-oblivion-wpHeadless\\node_modules\\jest-circus\\build\\utils.js:231:10)\n    at _callCircusTest (E:\\VSCode_Repo\\tech-oblivion-wpHeadless\\node_modules\\jest-circus\\build\\run.js:316:40)\n    at _runTest (E:\\VSCode_Repo\\tech-oblivion-wpHeadless\\node_modules\\jest-circus\\build\\run.js:252:3)\n    at _runTestsForDescribeBlock (E:\\VSCode_Repo\\tech-oblivion-wpHeadless\\node_modules\\jest-circus\\build\\run.js:126:9)\n    at _runTestsForDescribeBlock (E:\\VSCode_Repo\\tech-oblivion-wpHeadless\\node_modules\\jest-circus\\build\\run.js:121:9)\n    at run (E:\\VSCode_Repo\\tech-oblivion-wpHeadless\\node_modules\\jest-circus\\build\\run.js:71:3)\n    at runAndTransformResultsToJestFormat (E:\\VSCode_Repo\\tech-oblivion-wpHeadless\\node_modules\\jest-circus\\build\\legacy-code-todo-rewrite\\jestAdapterInit.js:122:21)\n    at jestAdapter (E:\\VSCode_Repo\\tech-oblivion-wpHeadless\\node_modules\\jest-circus\\build\\legacy-code-todo-rewrite\\jestAdapter.js:79:19)\n    at runTestInternal (E:\\VSCode_Repo\\tech-oblivion-wpHeadless\\node_modules\\jest-runner\\build\\runTest.js:367:16)\n    at runTest (E:\\VSCode_Repo\\tech-oblivion-wpHeadless\\node_modules\\jest-runner\\build\\runTest.js:444:34)"],"fullName":"components smoke src/components/auth/UserMenu.tsx imports and renders (if component)","invocations":1,"location":null,"numPassingAsserts":0,"retryReasons":[],"status":"failed","title":"src/components/auth/UserMenu.tsx imports and renders (if component)"},{"ancestorTitles":["components smoke"],"duration":3,"failureDetails":[{}],"failureMessages":["\u001b[1m\u001b[31mJest encountered an unexpected token\u001b[39m\u001b[22m\n\nJest failed to parse a file. This happens e.g. when your code or its dependencies use non-standard JavaScript syntax, or when Jest is not configured to support such syntax.\n\nOut of the box Jest supports Babel, which will be used to transform your files into valid JS based on your Babel configuration.\n\nBy default \"node_modules\" folder is ignored by transformers.\n\nHere's what you can do:\n • If you are trying to use ECMAScript Modules, see \u001b[4mhttps://jestjs.io/docs/ecmascript-modules\u001b[24m for how to enable it.\n • If you are trying to use TypeScript, see \u001b[4mhttps://jestjs.io/docs/getting-started#using-typescript\u001b[24m\n • To have some of your \"node_modules\" files transformed, you can specify a custom \u001b[1m\"transformIgnorePatterns\"\u001b[22m in your config.\n • If you need a custom transformation specify a \u001b[1m\"transform\"\u001b[22m option in your config.\n • If you simply want to mock your non-JS modules (e.g. binary assets) you can stub them out with the \u001b[1m\"moduleNameMapper\"\u001b[22m config option.\n\nYou'll find more details and examples of these config options in the docs:\n\u001b[36mhttps://jestjs.io/docs/configuration\u001b[39m\nFor information about custom transformations, see:\n\u001b[36mhttps://jestjs.io/docs/code-transformation\u001b[39m\n\n\u001b[1m\u001b[31mDetails:\u001b[39m\u001b[22m\n\nE:\\VSCode_Repo\\tech-oblivion-wpHeadless\\node_modules\\lucide-react\\dist\\esm\\lucide-react.js:8\nimport * as index from './icons/index.js';\n^^^^^^\n\nSyntaxError: Cannot use import statement outside a module\n    at new Script (node:vm:117:7)\n    at Runtime.createScriptFromCode (E:\\VSCode_Repo\\tech-oblivion-wpHeadless\\node_modules\\jest-runtime\\build\\index.js:1505:14)\n    at Runtime._execModule (E:\\VSCode_Repo\\tech-oblivion-wpHeadless\\node_modules\\jest-runtime\\build\\index.js:1399:25)\n    at Runtime._loadModule (E:\\VSCode_Repo\\tech-oblivion-wpHeadless\\node_modules\\jest-runtime\\build\\index.js:1022:12)\n    at Runtime.requireModule (E:\\VSCode_Repo\\tech-oblivion-wpHeadless\\node_modules\\jest-runtime\\build\\index.js:882:12)\n    at Runtime.requireModuleOrMock (E:\\VSCode_Repo\\tech-oblivion-wpHeadless\\node_modules\\jest-runtime\\build\\index.js:1048:21)\n    at Object.<anonymous> (E:\\VSCode_Repo\\tech-oblivion-wpHeadless\\src\\components\\author-activity.tsx:15:22)\n    at Runtime._execModule (E:\\VSCode_Repo\\tech-oblivion-wpHeadless\\node_modules\\jest-runtime\\build\\index.js:1439:24)\n    at Runtime._loadModule (E:\\VSCode_Repo\\tech-oblivion-wpHeadless\\node_modules\\jest-runtime\\build\\index.js:1022:12)\n    at Runtime.requireModule (E:\\VSCode_Repo\\tech-oblivion-wpHeadless\\node_modules\\jest-runtime\\build\\index.js:882:12)\n    at Runtime.requireModuleOrMock (E:\\VSCode_Repo\\tech-oblivion-wpHeadless\\node_modules\\jest-runtime\\build\\index.js:1048:21)\n    at Object.require (E:\\VSCode_Repo\\tech-oblivion-wpHeadless\\src\\__tests__\\components.smoke.test.tsx:29:19)\n    at Promise.then.completed (E:\\VSCode_Repo\\tech-oblivion-wpHeadless\\node_modules\\jest-circus\\build\\utils.js:298:28)\n    at new Promise (<anonymous>)\n    at callAsyncCircusFn (E:\\VSCode_Repo\\tech-oblivion-wpHeadless\\node_modules\\jest-circus\\build\\utils.js:231:10)\n    at _callCircusTest (E:\\VSCode_Repo\\tech-oblivion-wpHeadless\\node_modules\\jest-circus\\build\\run.js:316:40)\n    at _runTest (E:\\VSCode_Repo\\tech-oblivion-wpHeadless\\node_modules\\jest-circus\\build\\run.js:252:3)\n    at _runTestsForDescribeBlock (E:\\VSCode_Repo\\tech-oblivion-wpHeadless\\node_modules\\jest-circus\\build\\run.js:126:9)\n    at _runTestsForDescribeBlock (E:\\VSCode_Repo\\tech-oblivion-wpHeadless\\node_modules\\jest-circus\\build\\run.js:121:9)\n    at run (E:\\VSCode_Repo\\tech-oblivion-wpHeadless\\node_modules\\jest-circus\\build\\run.js:71:3)\n    at runAndTransformResultsToJestFormat (E:\\VSCode_Repo\\tech-oblivion-wpHeadless\\node_modules\\jest-circus\\build\\legacy-code-todo-rewrite\\jestAdapterInit.js:122:21)\n    at jestAdapter (E:\\VSCode_Repo\\tech-oblivion-wpHeadless\\node_modules\\jest-circus\\build\\legacy-code-todo-rewrite\\jestAdapter.js:79:19)\n    at runTestInternal (E:\\VSCode_Repo\\tech-oblivion-wpHeadless\\node_modules\\jest-runner\\build\\runTest.js:367:16)\n    at runTest (E:\\VSCode_Repo\\tech-oblivion-wpHeadless\\node_modules\\jest-runner\\build\\runTest.js:444:34)"],"fullName":"components smoke src/components/author-activity.tsx imports and renders (if component)","invocations":1,"location":null,"numPassingAsserts":0,"retryReasons":[],"status":"failed","title":"src/components/author-activity.tsx imports and renders (if component)"},{"ancestorTitles":["components smoke"],"duration":15,"failureDetails":[],"failureMessages":[],"fullName":"components smoke src/components/AuthorsList.tsx imports and renders (if component)","invocations":1,"location":null,"numPassingAsserts":1,"retryReasons":[],"status":"passed","title":"src/components/AuthorsList.tsx imports and renders (if component)"},{"ancestorTitles":["components smoke"],"duration":3,"failureDetails":[{}],"failureMessages":["\u001b[1m\u001b[31mJest encountered an unexpected token\u001b[39m\u001b[22m\n\nJest failed to parse a file. This happens e.g. when your code or its dependencies use non-standard JavaScript syntax, or when Jest is not configured to support such syntax.\n\nOut of the box Jest supports Babel, which will be used to transform your files into valid JS based on your Babel configuration.\n\nBy default \"node_modules\" folder is ignored by transformers.\n\nHere's what you can do:\n • If you are trying to use ECMAScript Modules, see \u001b[4mhttps://jestjs.io/docs/ecmascript-modules\u001b[24m for how to enable it.\n • If you are trying to use TypeScript, see \u001b[4mhttps://jestjs.io/docs/getting-started#using-typescript\u001b[24m\n • To have some of your \"node_modules\" files transformed, you can specify a custom \u001b[1m\"transformIgnorePatterns\"\u001b[22m in your config.\n • If you need a custom transformation specify a \u001b[1m\"transform\"\u001b[22m option in your config.\n • If you simply want to mock your non-JS modules (e.g. binary assets) you can stub them out with the \u001b[1m\"moduleNameMapper\"\u001b[22m config option.\n\nYou'll find more details and examples of these config options in the docs:\n\u001b[36mhttps://jestjs.io/docs/configuration\u001b[39m\nFor information about custom transformations, see:\n\u001b[36mhttps://jestjs.io/docs/code-transformation\u001b[39m\n\n\u001b[1m\u001b[31mDetails:\u001b[39m\u001b[22m\n\nE:\\VSCode_Repo\\tech-oblivion-wpHeadless\\node_modules\\lucide-react\\dist\\esm\\lucide-react.js:8\nimport * as index from './icons/index.js';\n^^^^^^\n\nSyntaxError: Cannot use import statement outside a module\n    at new Script (node:vm:117:7)\n    at Runtime.createScriptFromCode (E:\\VSCode_Repo\\tech-oblivion-wpHeadless\\node_modules\\jest-runtime\\build\\index.js:1505:14)\n    at Runtime._execModule (E:\\VSCode_Repo\\tech-oblivion-wpHeadless\\node_modules\\jest-runtime\\build\\index.js:1399:25)\n    at Runtime._loadModule (E:\\VSCode_Repo\\tech-oblivion-wpHeadless\\node_modules\\jest-runtime\\build\\index.js:1022:12)\n    at Runtime.requireModule (E:\\VSCode_Repo\\tech-oblivion-wpHeadless\\node_modules\\jest-runtime\\build\\index.js:882:12)\n    at Runtime.requireModuleOrMock (E:\\VSCode_Repo\\tech-oblivion-wpHeadless\\node_modules\\jest-runtime\\build\\index.js:1048:21)\n    at Object.<anonymous> (E:\\VSCode_Repo\\tech-oblivion-wpHeadless\\src\\components\\back-to-top-center.tsx:14:22)\n    at Runtime._execModule (E:\\VSCode_Repo\\tech-oblivion-wpHeadless\\node_modules\\jest-runtime\\build\\index.js:1439:24)\n    at Runtime._loadModule (E:\\VSCode_Repo\\tech-oblivion-wpHeadless\\node_modules\\jest-runtime\\build\\index.js:1022:12)\n    at Runtime.requireModule (E:\\VSCode_Repo\\tech-oblivion-wpHeadless\\node_modules\\jest-runtime\\build\\index.js:882:12)\n    at Runtime.requireModuleOrMock (E:\\VSCode_Repo\\tech-oblivion-wpHeadless\\node_modules\\jest-runtime\\build\\index.js:1048:21)\n    at Object.require (E:\\VSCode_Repo\\tech-oblivion-wpHeadless\\src\\__tests__\\components.smoke.test.tsx:29:19)\n    at Promise.then.completed (E:\\VSCode_Repo\\tech-oblivion-wpHeadless\\node_modules\\jest-circus\\build\\utils.js:298:28)\n    at new Promise (<anonymous>)\n    at callAsyncCircusFn (E:\\VSCode_Repo\\tech-oblivion-wpHeadless\\node_modules\\jest-circus\\build\\utils.js:231:10)\n    at _callCircusTest (E:\\VSCode_Repo\\tech-oblivion-wpHeadless\\node_modules\\jest-circus\\build\\run.js:316:40)\n    at _runTest (E:\\VSCode_Repo\\tech-oblivion-wpHeadless\\node_modules\\jest-circus\\build\\run.js:252:3)\n    at _runTestsForDescribeBlock (E:\\VSCode_Repo\\tech-oblivion-wpHeadless\\node_modules\\jest-circus\\build\\run.js:126:9)\n    at _runTestsForDescribeBlock (E:\\VSCode_Repo\\tech-oblivion-wpHeadless\\node_modules\\jest-circus\\build\\run.js:121:9)\n    at run (E:\\VSCode_Repo\\tech-oblivion-wpHeadless\\node_modules\\jest-circus\\build\\run.js:71:3)\n    at runAndTransformResultsToJestFormat (E:\\VSCode_Repo\\tech-oblivion-wpHeadless\\node_modules\\jest-circus\\build\\legacy-code-todo-rewrite\\jestAdapterInit.js:122:21)\n    at jestAdapter (E:\\VSCode_Repo\\tech-oblivion-wpHeadless\\node_modules\\jest-circus\\build\\legacy-code-todo-rewrite\\jestAdapter.js:79:19)\n    at runTestInternal (E:\\VSCode_Repo\\tech-oblivion-wpHeadless\\node_modules\\jest-runner\\build\\runTest.js:367:16)\n    at runTest (E:\\VSCode_Repo\\tech-oblivion-wpHeadless\\node_modules\\jest-runner\\build\\runTest.js:444:34)"],"fullName":"components smoke src/components/back-to-top-center.tsx imports and renders (if component)","invocations":1,"location":null,"numPassingAsserts":0,"retryReasons":[],"status":"failed","title":"src/components/back-to-top-center.tsx imports and renders (if component)"},{"ancestorTitles":["components smoke"],"duration":9,"failureDetails":[{"matcherResult":{"message":"\u001b[2mexpect(\u001b[22m\u001b[31mreceived\u001b[39m\u001b[2m).\u001b[22mtoBeNull\u001b[2m()\u001b[22m\n\nReceived: \u001b[31m<div data-testid=\"error\">Tile failed</div>\u001b[39m","pass":false}}],"failureMessages":["Error: \u001b[2mexpect(\u001b[22m\u001b[31mreceived\u001b[39m\u001b[2m).\u001b[22mtoBeNull\u001b[2m()\u001b[22m\n\nReceived: \u001b[31m<div data-testid=\"error\">Tile failed</div>\u001b[39m\n    at Object.toBeNull (E:\\VSCode_Repo\\tech-oblivion-wpHeadless\\src\\__tests__\\components.smoke.test.tsx:38:40)\n    at Promise.then.completed (E:\\VSCode_Repo\\tech-oblivion-wpHeadless\\node_modules\\jest-circus\\build\\utils.js:298:28)\n    at new Promise (<anonymous>)\n    at callAsyncCircusFn (E:\\VSCode_Repo\\tech-oblivion-wpHeadless\\node_modules\\jest-circus\\build\\utils.js:231:10)\n    at _callCircusTest (E:\\VSCode_Repo\\tech-oblivion-wpHeadless\\node_modules\\jest-circus\\build\\run.js:316:40)\n    at _runTest (E:\\VSCode_Repo\\tech-oblivion-wpHeadless\\node_modules\\jest-circus\\build\\run.js:252:3)\n    at _runTestsForDescribeBlock (E:\\VSCode_Repo\\tech-oblivion-wpHeadless\\node_modules\\jest-circus\\build\\run.js:126:9)\n    at _runTestsForDescribeBlock (E:\\VSCode_Repo\\tech-oblivion-wpHeadless\\node_modules\\jest-circus\\build\\run.js:121:9)\n    at run (E:\\VSCode_Repo\\tech-oblivion-wpHeadless\\node_modules\\jest-circus\\build\\run.js:71:3)\n    at runAndTransformResultsToJestFormat (E:\\VSCode_Repo\\tech-oblivion-wpHeadless\\node_modules\\jest-circus\\build\\legacy-code-todo-rewrite\\jestAdapterInit.js:122:21)\n    at jestAdapter (E:\\VSCode_Repo\\tech-oblivion-wpHeadless\\node_modules\\jest-circus\\build\\legacy-code-todo-rewrite\\jestAdapter.js:79:19)\n    at runTestInternal (E:\\VSCode_Repo\\tech-oblivion-wpHeadless\\node_modules\\jest-runner\\build\\runTest.js:367:16)\n    at runTest (E:\\VSCode_Repo\\tech-oblivion-wpHeadless\\node_modules\\jest-runner\\build\\runTest.js:444:34)"],"fullName":"components smoke src/components/Category.tsx imports and renders (if component)","invocations":1,"location":null,"numPassingAsserts":0,"retryReasons":[],"status":"failed","title":"src/components/Category.tsx imports and renders (if component)"},{"ancestorTitles":["components smoke"],"duration":16,"failureDetails":[],"failureMessages":[],"fullName":"components smoke src/components/client-feed.tsx imports and renders (if component)","invocations":1,"location":null,"numPassingAsserts":1,"retryReasons":[],"status":"passed","title":"src/components/client-feed.tsx imports and renders (if component)"},{"ancestorTitles":["components smoke"],"duration":9,"failureDetails":[{"matcherResult":{"message":"\u001b[2mexpect(\u001b[22m\u001b[31mreceived\u001b[39m\u001b[2m).\u001b[22mtoBeNull\u001b[2m()\u001b[22m\n\nReceived: \u001b[31m<div data-testid=\"error\">Tile failed</div>\u001b[39m","pass":false}}],"failureMessages":["Error: \u001b[2mexpect(\u001b[22m\u001b[31mreceived\u001b[39m\u001b[2m).\u001b[22mtoBeNull\u001b[2m()\u001b[22m\n\nReceived: \u001b[31m<div data-testid=\"error\">Tile failed</div>\u001b[39m\n    at Object.toBeNull (E:\\VSCode_Repo\\tech-oblivion-wpHeadless\\src\\__tests__\\components.smoke.test.tsx:38:40)\n    at Promise.then.completed (E:\\VSCode_Repo\\tech-oblivion-wpHeadless\\node_modules\\jest-circus\\build\\utils.js:298:28)\n    at new Promise (<anonymous>)\n    at callAsyncCircusFn (E:\\VSCode_Repo\\tech-oblivion-wpHeadless\\node_modules\\jest-circus\\build\\utils.js:231:10)\n    at _callCircusTest (E:\\VSCode_Repo\\tech-oblivion-wpHeadless\\node_modules\\jest-circus\\build\\run.js:316:40)\n    at _runTest (E:\\VSCode_Repo\\tech-oblivion-wpHeadless\\node_modules\\jest-circus\\build\\run.js:252:3)\n    at _runTestsForDescribeBlock (E:\\VSCode_Repo\\tech-oblivion-wpHeadless\\node_modules\\jest-circus\\build\\run.js:126:9)\n    at _runTestsForDescribeBlock (E:\\VSCode_Repo\\tech-oblivion-wpHeadless\\node_modules\\jest-circus\\build\\run.js:121:9)\n    at run (E:\\VSCode_Repo\\tech-oblivion-wpHeadless\\node_modules\\jest-circus\\build\\run.js:71:3)\n    at runAndTransformResultsToJestFormat (E:\\VSCode_Repo\\tech-oblivion-wpHeadless\\node_modules\\jest-circus\\build\\legacy-code-todo-rewrite\\jestAdapterInit.js:122:21)\n    at jestAdapter (E:\\VSCode_Repo\\tech-oblivion-wpHeadless\\node_modules\\jest-circus\\build\\legacy-code-todo-rewrite\\jestAdapter.js:79:19)\n    at runTestInternal (E:\\VSCode_Repo\\tech-oblivion-wpHeadless\\node_modules\\jest-runner\\build\\runTest.js:367:16)\n    at runTest (E:\\VSCode_Repo\\tech-oblivion-wpHeadless\\node_modules\\jest-runner\\build\\runTest.js:444:34)"],"fullName":"components smoke src/components/Comment.tsx imports and renders (if component)","invocations":1,"location":null,"numPassingAsserts":0,"retryReasons":[],"status":"failed","title":"src/components/Comment.tsx imports and renders (if component)"},{"ancestorTitles":["components smoke"],"duration":6,"failureDetails":[],"failureMessages":[],"fullName":"components smoke src/components/CommentFormGate.tsx imports and renders (if component)","invocations":1,"location":null,"numPassingAsserts":1,"retryReasons":[],"status":"passed","title":"src/components/CommentFormGate.tsx imports and renders (if component)"},{"ancestorTitles":["components smoke"],"duration":5,"failureDetails":[{}],"failureMessages":["\u001b[1m\u001b[31mJest encountered an unexpected token\u001b[39m\u001b[22m\n\nJest failed to parse a file. This happens e.g. when your code or its dependencies use non-standard JavaScript syntax, or when Jest is not configured to support such syntax.\n\nOut of the box Jest supports Babel, which will be used to transform your files into valid JS based on your Babel configuration.\n\nBy default \"node_modules\" folder is ignored by transformers.\n\nHere's what you can do:\n • If you are trying to use ECMAScript Modules, see \u001b[4mhttps://jestjs.io/docs/ecmascript-modules\u001b[24m for how to enable it.\n • If you are trying to use TypeScript, see \u001b[4mhttps://jestjs.io/docs/getting-started#using-typescript\u001b[24m\n • To have some of your \"node_modules\" files transformed, you can specify a custom \u001b[1m\"transformIgnorePatterns\"\u001b[22m in your config.\n • If you need a custom transformation specify a \u001b[1m\"transform\"\u001b[22m option in your config.\n • If you simply want to mock your non-JS modules (e.g. binary assets) you can stub them out with the \u001b[1m\"moduleNameMapper\"\u001b[22m config option.\n\nYou'll find more details and examples of these config options in the docs:\n\u001b[36mhttps://jestjs.io/docs/configuration\u001b[39m\nFor information about custom transformations, see:\n\u001b[36mhttps://jestjs.io/docs/code-transformation\u001b[39m\n\n\u001b[1m\u001b[31mDetails:\u001b[39m\u001b[22m\n\nE:\\VSCode_Repo\\tech-oblivion-wpHeadless\\node_modules\\lucide-react\\dist\\esm\\lucide-react.js:8\nimport * as index from './icons/index.js';\n^^^^^^\n\nSyntaxError: Cannot use import statement outside a module\n    at new Script (node:vm:117:7)\n    at Runtime.createScriptFromCode (E:\\VSCode_Repo\\tech-oblivion-wpHeadless\\node_modules\\jest-runtime\\build\\index.js:1505:14)\n    at Runtime._execModule (E:\\VSCode_Repo\\tech-oblivion-wpHeadless\\node_modules\\jest-runtime\\build\\index.js:1399:25)\n    at Runtime._loadModule (E:\\VSCode_Repo\\tech-oblivion-wpHeadless\\node_modules\\jest-runtime\\build\\index.js:1022:12)\n    at Runtime.requireModule (E:\\VSCode_Repo\\tech-oblivion-wpHeadless\\node_modules\\jest-runtime\\build\\index.js:882:12)\n    at Runtime.requireModuleOrMock (E:\\VSCode_Repo\\tech-oblivion-wpHeadless\\node_modules\\jest-runtime\\build\\index.js:1048:21)\n    at Object.<anonymous> (E:\\VSCode_Repo\\tech-oblivion-wpHeadless\\src\\components\\ui\\select.tsx:47:22)\n    at Runtime._execModule (E:\\VSCode_Repo\\tech-oblivion-wpHeadless\\node_modules\\jest-runtime\\build\\index.js:1439:24)\n    at Runtime._loadModule (E:\\VSCode_Repo\\tech-oblivion-wpHeadless\\node_modules\\jest-runtime\\build\\index.js:1022:12)\n    at Runtime.requireModule (E:\\VSCode_Repo\\tech-oblivion-wpHeadless\\node_modules\\jest-runtime\\build\\index.js:882:12)\n    at Runtime.requireModuleOrMock (E:\\VSCode_Repo\\tech-oblivion-wpHeadless\\node_modules\\jest-runtime\\build\\index.js:1048:21)\n    at Object.<anonymous> (E:\\VSCode_Repo\\tech-oblivion-wpHeadless\\src\\components\\comments-section.tsx:21:17)\n    at Runtime._execModule (E:\\VSCode_Repo\\tech-oblivion-wpHeadless\\node_modules\\jest-runtime\\build\\index.js:1439:24)\n    at Runtime._loadModule (E:\\VSCode_Repo\\tech-oblivion-wpHeadless\\node_modules\\jest-runtime\\build\\index.js:1022:12)\n    at Runtime.requireModule (E:\\VSCode_Repo\\tech-oblivion-wpHeadless\\node_modules\\jest-runtime\\build\\index.js:882:12)\n    at Runtime.requireModuleOrMock (E:\\VSCode_Repo\\tech-oblivion-wpHeadless\\node_modules\\jest-runtime\\build\\index.js:1048:21)\n    at Object.require (E:\\VSCode_Repo\\tech-oblivion-wpHeadless\\src\\__tests__\\components.smoke.test.tsx:29:19)\n    at Promise.then.completed (E:\\VSCode_Repo\\tech-oblivion-wpHeadless\\node_modules\\jest-circus\\build\\utils.js:298:28)\n    at new Promise (<anonymous>)\n    at callAsyncCircusFn (E:\\VSCode_Repo\\tech-oblivion-wpHeadless\\node_modules\\jest-circus\\build\\utils.js:231:10)\n    at _callCircusTest (E:\\VSCode_Repo\\tech-oblivion-wpHeadless\\node_modules\\jest-circus\\build\\run.js:316:40)\n    at _runTest (E:\\VSCode_Repo\\tech-oblivion-wpHeadless\\node_modules\\jest-circus\\build\\run.js:252:3)\n    at _runTestsForDescribeBlock (E:\\VSCode_Repo\\tech-oblivion-wpHeadless\\node_modules\\jest-circus\\build\\run.js:126:9)\n    at _runTestsForDescribeBlock (E:\\VSCode_Repo\\tech-oblivion-wpHeadless\\node_modules\\jest-circus\\build\\run.js:121:9)\n    at run (E:\\VSCode_Repo\\tech-oblivion-wpHeadless\\node_modules\\jest-circus\\build\\run.js:71:3)\n    at runAndTransformResultsToJestFormat (E:\\VSCode_Repo\\tech-oblivion-wpHeadless\\node_modules\\jest-circus\\build\\legacy-code-todo-rewrite\\jestAdapterInit.js:122:21)\n    at jestAdapter (E:\\VSCode_Repo\\tech-oblivion-wpHeadless\\node_modules\\jest-circus\\build\\legacy-code-todo-rewrite\\jestAdapter.js:79:19)\n    at runTestInternal (E:\\VSCode_Repo\\tech-oblivion-wpHeadless\\node_modules\\jest-runner\\build\\runTest.js:367:16)\n    at runTest (E:\\VSCode_Repo\\tech-oblivion-wpHeadless\\node_modules\\jest-runner\\build\\runTest.js:444:34)"],"fullName":"components smoke src/components/comments-section.tsx imports and renders (if component)","invocations":1,"location":null,"numPassingAsserts":0,"retryReasons":[],"status":"failed","title":"src/components/comments-section.tsx imports and renders (if component)"},{"ancestorTitles":["components smoke"],"duration":6,"failureDetails":[],"failureMessages":[],"fullName":"components smoke src/components/content-decorators.tsx imports and renders (if component)","invocations":1,"location":null,"numPassingAsserts":1,"retryReasons":[],"status":"passed","title":"src/components/content-decorators.tsx imports and renders (if component)"},{"ancestorTitles":["components smoke"],"duration":9,"failureDetails":[],"failureMessages":[],"fullName":"components smoke src/components/dashboard/CrewMan.tsx imports and renders (if component)","invocations":1,"location":null,"numPassingAsserts":1,"retryReasons":[],"status":"passed","title":"src/components/dashboard/CrewMan.tsx imports and renders (if component)"},{"ancestorTitles":["components smoke"],"duration":34,"failureDetails":[],"failureMessages":[],"fullName":"components smoke src/components/dashboard/DashboardClientShell.tsx imports and renders (if component)","invocations":1,"location":null,"numPassingAsserts":1,"retryReasons":[],"status":"passed","title":"src/components/dashboard/DashboardClientShell.tsx imports and renders (if component)"},{"ancestorTitles":["components smoke"],"duration":5,"failureDetails":[{"matcherResult":{"message":"\u001b[2mexpect(\u001b[22m\u001b[31mreceived\u001b[39m\u001b[2m).\u001b[22mtoBeNull\u001b[2m()\u001b[22m\n\nReceived: \u001b[31m<div data-testid=\"error\">Tile failed</div>\u001b[39m","pass":false}}],"failureMessages":["Error: \u001b[2mexpect(\u001b[22m\u001b[31mreceived\u001b[39m\u001b[2m).\u001b[22mtoBeNull\u001b[2m()\u001b[22m\n\nReceived: \u001b[31m<div data-testid=\"error\">Tile failed</div>\u001b[39m\n    at Object.toBeNull (E:\\VSCode_Repo\\tech-oblivion-wpHeadless\\src\\__tests__\\components.smoke.test.tsx:38:40)\n    at Promise.then.completed (E:\\VSCode_Repo\\tech-oblivion-wpHeadless\\node_modules\\jest-circus\\build\\utils.js:298:28)\n    at new Promise (<anonymous>)\n    at callAsyncCircusFn (E:\\VSCode_Repo\\tech-oblivion-wpHeadless\\node_modules\\jest-circus\\build\\utils.js:231:10)\n    at _callCircusTest (E:\\VSCode_Repo\\tech-oblivion-wpHeadless\\node_modules\\jest-circus\\build\\run.js:316:40)\n    at _runTest (E:\\VSCode_Repo\\tech-oblivion-wpHeadless\\node_modules\\jest-circus\\build\\run.js:252:3)\n    at _runTestsForDescribeBlock (E:\\VSCode_Repo\\tech-oblivion-wpHeadless\\node_modules\\jest-circus\\build\\run.js:126:9)\n    at _runTestsForDescribeBlock (E:\\VSCode_Repo\\tech-oblivion-wpHeadless\\node_modules\\jest-circus\\build\\run.js:121:9)\n    at run (E:\\VSCode_Repo\\tech-oblivion-wpHeadless\\node_modules\\jest-circus\\build\\run.js:71:3)\n    at runAndTransformResultsToJestFormat (E:\\VSCode_Repo\\tech-oblivion-wpHeadless\\node_modules\\jest-circus\\build\\legacy-code-todo-rewrite\\jestAdapterInit.js:122:21)\n    at jestAdapter (E:\\VSCode_Repo\\tech-oblivion-wpHeadless\\node_modules\\jest-circus\\build\\legacy-code-todo-rewrite\\jestAdapter.js:79:19)\n    at runTestInternal (E:\\VSCode_Repo\\tech-oblivion-wpHeadless\\node_modules\\jest-runner\\build\\runTest.js:367:16)\n    at runTest (E:\\VSCode_Repo\\tech-oblivion-wpHeadless\\node_modules\\jest-runner\\build\\runTest.js:444:34)"],"fullName":"components smoke src/components/dashboard/FullDashboard.tsx imports and renders (if component)","invocation
[...]
r config.\n     • If you need a custom transformation specify a \u001b[1m\"transform\"\u001b[22m option in your config.\n     • If you simply want to mock your non-JS modules (e.g. binary assets) you can stub them out with the \u001b[1m\"moduleNameMapper\"\u001b[22m config option.\n\n    You'll find more details and examples of these config options in the docs:\n    \u001b[36mhttps://jestjs.io/docs/configuration\u001b[39m\n    For information about custom transformations, see:\n    \u001b[36mhttps://jestjs.io/docs/code-transformation\u001b[39m\n\n    \u001b[1m\u001b[31mDetails:\u001b[39m\u001b[22m\n\n    E:\\VSCode_Repo\\tech-oblivion-wpHeadless\\node_modules\\jose\\dist\\webapi\\index.js:1\n    ({\"Object.<anonymous>\":function(module,exports,require,__dirname,__filename,jest){export { compactDecrypt } from './jwe/compact/decrypt.js';\n                                                                                      ^^^^^^\n\n    SyntaxError: Unexpected token 'export'\n\u001b[2m\u001b[22m\n\u001b[2m    \u001b[0m \u001b[90m 17 |\u001b[39m\u001b[22m\n\u001b[2m     \u001b[90m 18 |\u001b[39m \u001b[36mexport\u001b[39m \u001b[36masync\u001b[39m \u001b[36mfunction\u001b[39m signSession(claims\u001b[33m:\u001b[39m \u001b[33mSessionClaims\u001b[39m\u001b[33m,\u001b[39m maxAgeSec \u001b[33m=\u001b[39m \u001b[35m60\u001b[39m \u001b[33m*\u001b[39m \u001b[35m60\u001b[39m \u001b[33m*\u001b[39m \u001b[35m24\u001b[39m \u001b[33m*\u001b[39m \u001b[35m7\u001b[39m) {\u001b[22m\n\u001b[2m    \u001b[31m\u001b[1m>\u001b[22m\u001b[2m\u001b[39m\u001b[90m 19 |\u001b[39m   \u001b[36mreturn\u001b[39m \u001b[36mawait\u001b[39m \u001b[36mnew\u001b[39m \u001b[33mSignJWT\u001b[39m(claims \u001b[36mas\u001b[39m any)\u001b[22m\n\u001b[2m     \u001b[90m    |\u001b[39m               \u001b[31m\u001b[1m^\u001b[22m\u001b[2m\u001b[39m\u001b[22m\n\u001b[2m     \u001b[90m 20 |\u001b[39m     \u001b[33m.\u001b[39msetProtectedHeader({ alg\u001b[33m:\u001b[39m \u001b[32m'HS256'\u001b[39m })\u001b[22m\n\u001b[2m     \u001b[90m 21 |\u001b[39m     \u001b[33m.\u001b[39msetIssuedAt()\u001b[22m\n\u001b[2m     \u001b[90m 22 |\u001b[39m     \u001b[33m.\u001b[39msetIssuer(issuer)\u001b[0m\u001b[22m\n\u001b[2m\u001b[22m\n\u001b[2m      \u001b[2mat Runtime.createScriptFromCode (\u001b[22m\u001b[2mnode_modules/jest-runtime/build/index.js\u001b[2m:1505:14)\u001b[22m\u001b[2m\u001b[22m\n\u001b[2m      \u001b[2mat Object.<anonymous> (\u001b[22m\u001b[2msrc/lib/jwt.ts\u001b[2m:19:15)\u001b[22m\u001b[2m\u001b[22m\n\u001b[2m      \u001b[2mat Object.<anonymous> (\u001b[22m\u001b[2msrc/lib/server-session.ts\u001b[2m:20:14)\u001b[22m\u001b[2m\u001b[22m\n\u001b[2m      \u001b[2mat Object.require (\u001b[22m\u001b[2m\u001b[0m\u001b[36msrc/__tests__/lib.smoke.test.ts\u001b[39m\u001b[0m\u001b[2m:27:19)\u001b[22m\u001b[2m\u001b[22m\n\n\u001b[1m\u001b[31m  \u001b[1m● \u001b[22m\u001b[1mlib smoke › src/lib/toc-md.ts imports\u001b[39m\u001b[22m\n\n    \u001b[1m\u001b[31mJest encountered an unexpected token\u001b[39m\u001b[22m\n\n    Jest failed to parse a file. This happens e.g. when your code or its dependencies use non-standard JavaScript syntax, or when Jest is not configured to support such syntax.\n\n    Out of the box Jest supports Babel, which will be used to transform your files into valid JS based on your Babel configuration.\n\n    By default \"node_modules\" folder is ignored by transformers.\n\n    Here's what you can do:\n     • If you are trying to use ECMAScript Modules, see \u001b[4mhttps://jestjs.io/docs/ecmascript-modules\u001b[24m for how to enable it.\n     • If you are trying to use TypeScript, see \u001b[4mhttps://jestjs.io/docs/getting-started#using-typescript\u001b[24m\n     • To have some of your \"node_modules\" files transformed, you can specify a custom \u001b[1m\"transformIgnorePatterns\"\u001b[22m in your config.\n     • If you need a custom transformation specify a \u001b[1m\"transform\"\u001b[22m option in your config.\n     • If you simply want to mock your non-JS modules (e.g. binary assets) you can stub them out with the \u001b[1m\"moduleNameMapper\"\u001b[22m config option.\n\n    You'll find more details and examples of these config options in the docs:\n    \u001b[36mhttps://jestjs.io/docs/configuration\u001b[39m\n    For information about custom transformations, see:\n    \u001b[36mhttps://jestjs.io/docs/code-transformation\u001b[39m\n\n    \u001b[1m\u001b[31mDetails:\u001b[39m\u001b[22m\n\n    E:\\VSCode_Repo\\tech-oblivion-wpHeadless\\node_modules\\unified\\index.js:2\n    export {unified} from './lib/index.js'\n    ^^^^^^\n\n    SyntaxError: Unexpected token 'export'\n\u001b[2m\u001b[22m\n\u001b[2m    \u001b[0m \u001b[90m  9 |\u001b[39m \u001b[36mexport\u001b[39m \u001b[36mfunction\u001b[39m extractTocFromMarkdown(markdown\u001b[33m:\u001b[39m string\u001b[33m,\u001b[39m options\u001b[33m?\u001b[39m\u001b[33m:\u001b[39m { minDepth\u001b[33m?\u001b[39m\u001b[33m:\u001b[39m number\u001b[33m;\u001b[39m maxDepth\u001b[33m?\u001b[39m\u001b[33m:\u001b[39m number }) {\u001b[22m\n\u001b[2m     \u001b[90m 10 |\u001b[39m   \u001b[36mconst\u001b[39m minDepth \u001b[33m=\u001b[39m options\u001b[33m?\u001b[39m\u001b[33m.\u001b[39mminDepth \u001b[33m?\u001b[39m\u001b[33m?\u001b[39m \u001b[35m2\u001b[39m\u001b[22m\n\u001b[2m    \u001b[31m\u001b[1m>\u001b[22m\u001b[2m\u001b[39m\u001b[90m 11 |\u001b[39m   \u001b[36mconst\u001b[39m maxDepth \u001b[33m=\u001b[39m options\u001b[33m?\u001b[39m\u001b[33m.\u001b[39mmaxDepth \u001b[33m?\u001b[39m\u001b[33m?\u001b[39m \u001b[35m3\u001b[39m\u001b[22m\n\u001b[2m     \u001b[90m    |\u001b[39m                  \u001b[31m\u001b[1m^\u001b[22m\u001b[2m\u001b[39m\u001b[22m\n\u001b[2m     \u001b[90m 12 |\u001b[39m   \u001b[36mconst\u001b[39m tree \u001b[33m=\u001b[39m unified()\u001b[33m.\u001b[39muse(remarkParse)\u001b[33m.\u001b[39mparse(markdown) \u001b[36mas\u001b[39m \u001b[33mRoot\u001b[39m\u001b[22m\n\u001b[2m     \u001b[90m 13 |\u001b[39m   \u001b[36mconst\u001b[39m slugger \u001b[33m=\u001b[39m \u001b[36mnew\u001b[39m \u001b[33mGithubSlugger\u001b[39m()\u001b[22m\n\u001b[2m     \u001b[90m 14 |\u001b[39m   \u001b[36mconst\u001b[39m items\u001b[33m:\u001b[39m \u001b[33mTocItem\u001b[39m[] \u001b[33m=\u001b[39m []\u001b[0m\u001b[22m\n\u001b[2m\u001b[22m\n\u001b[2m      \u001b[2mat Runtime.createScriptFromCode (\u001b[22m\u001b[2mnode_modules/jest-runtime/build/index.js\u001b[2m:1505:14)\u001b[22m\u001b[2m\u001b[22m\n\u001b[2m      \u001b[2mat Object.<anonymous> (\u001b[22m\u001b[2msrc/lib/toc-md.ts\u001b[2m:11:18)\u001b[22m\u001b[2m\u001b[22m\n\u001b[2m      \u001b[2mat Object.require (\u001b[22m\u001b[2m\u001b[0m\u001b[36msrc/__tests__/lib.smoke.test.ts\u001b[39m\u001b[0m\u001b[2m:27:19)\u001b[22m\u001b[2m\u001b[22m\n","name":"E:\\VSCode_Repo\\tech-oblivion-wpHeadless\\src\\__tests__\\lib.smoke.test.ts","startTime":1756661896559,"status":"failed","summary":""},{"assertionResults":[{"ancestorTitles":["hooks smoke"],"duration":2,"failureDetails":[],"failureMessages":[],"fullName":"hooks smoke src/hooks/use-mobile.tsx compiles","invocations":1,"location":null,"numPassingAsserts":1,"retryReasons":[],"status":"passed","title":"src/hooks/use-mobile.tsx compiles"},{"ancestorTitles":["hooks smoke"],"duration":0,"failureDetails":[],"failureMessages":[],"fullName":"hooks smoke src/hooks/use-toast.ts compiles","invocations":1,"location":null,"numPassingAsserts":1,"retryReasons":[],"status":"passed","title":"src/hooks/use-toast.ts compiles"},{"ancestorTitles":["hooks smoke"],"duration":0,"failureDetails":[],"failureMessages":[],"fullName":"hooks smoke src/hooks/useLayoutPersistence.ts compiles","invocations":1,"location":null,"numPassingAsserts":1,"retryReasons":[],"status":"passed","title":"src/hooks/useLayoutPersistence.ts compiles"},{"ancestorTitles":["hooks smoke"],"duration":2,"failureDetails":[],"failureMessages":[],"fullName":"hooks smoke src/hooks/useRoleGate.tsx compiles","invocations":1,"location":null,"numPassingAsserts":1,"retryReasons":[],"status":"passed","title":"src/hooks/useRoleGate.tsx compiles"},{"ancestorTitles":["hooks smoke"],"duration":0,"failureDetails":[],"failureMessages":[],"fullName":"hooks smoke src/hooks/useScrollSpy.ts compiles","invocations":1,"location":null,"numPassingAsserts":1,"retryReasons":[],"status":"passed","title":"src/hooks/useScrollSpy.ts compiles"},{"ancestorTitles":["hooks smoke"],"duration":1,"failureDetails":[],"failureMessages":[],"fullName":"hooks smoke src/hooks/useSSE.ts compiles","invocations":1,"location":null,"numPassingAsserts":1,"retryReasons":[],"status":"passed","title":"src/hooks/useSSE.ts compiles"}],"endTime":1756661896889,"message":"","name":"E:\\VSCode_Repo\\tech-oblivion-wpHeadless\\src\\__tests__\\hooks.smoke.test.ts","startTime":1756661896761,"status":"passed","summary":""},{"assertionResults":[{"ancestorTitles":["jest sanity"],"duration":1,"failureDetails":[],"failureMessages":[],"fullName":"jest sanity runs","invocations":1,"location":null,"numPassingAsserts":1,"retryReasons":[],"status":"passed","title":"runs"}],"endTime":1756661897021,"message":"","name":"E:\\VSCode_Repo\\tech-oblivion-wpHeadless\\src\\__tests__\\sanity.test.ts","startTime":1756661896906,"status":"passed","summary":""},{"assertionResults":[],"coverage":{},"endTime":1756661898251,"message":"  \u001b[1m● \u001b[22mTest suite failed to run\n\n    Vitest cannot be imported in a CommonJS module using require(). Please use \"import\" instead.\n\n    If you are using \"import\" in your source code, then it's possible it was bundled into require() automatically by your bundler. In that case, do not bundle CommonJS output since it will never work with Vitest, or use dynamic import() which is available in all CommonJS modules.\n\n    \u001b[0m \u001b[90m 3 |\u001b[39m \u001b[36mimport\u001b[39m \u001b[33m*\u001b[39m \u001b[36mas\u001b[39m log \u001b[36mfrom\u001b[39m \u001b[32m'../log'\u001b[39m\n     \u001b[90m 4 |\u001b[39m\n    \u001b[31m\u001b[1m>\u001b[22m\u001b[39m\u001b[90m 5 |\u001b[39m \u001b[36mconst\u001b[39m \u001b[33mHTML_503\u001b[39m \u001b[33m=\u001b[39m \u001b[32m`<!DOCTYPE html><html><head><title>Maintenance</title></head><body><p>Site under maintenance</p></body></html>`\u001b[39m\n     \u001b[90m   |\u001b[39m                 \u001b[31m\u001b[1m^\u001b[22m\u001b[39m\n     \u001b[90m 6 |\u001b[39m\n     \u001b[90m 7 |\u001b[39m describe(\u001b[32m'wp helpers - resilience'\u001b[39m\u001b[33m,\u001b[39m () \u001b[33m=>\u001b[39m {\n     \u001b[90m 8 |\u001b[39m   \u001b[36mlet\u001b[39m originalFetch\u001b[33m:\u001b[39m any\u001b[0m\n\n      \u001b[2mat Object.<anonymous> (\u001b[22mnode_modules/vitest/index.cjs\u001b[2m:1:109)\u001b[22m\n      \u001b[2mat Object.<anonymous> (\u001b[22m\u001b[0m\u001b[36msrc/lib/__tests__/wp.spec.ts\u001b[39m\u001b[0m\u001b[2m:5:17)\u001b[22m\n","name":"E:\\VSCode_Repo\\tech-oblivion-wpHeadless\\src\\lib\\__tests__\\wp.spec.ts","startTime":1756661898251,"status":"failed","summary":""},{"assertionResults":[],"coverage":{},"endTime":1756661898251,"message":"  \u001b[1m● \u001b[22mTest suite failed to run\n\n    Vitest cannot be imported in a CommonJS module using require(). Please use \"import\" instead.\n\n    If you are using \"import\" in your source code, then it's possible it was bundled into require() automatically by your bundler. In that case, do not bundle CommonJS output since it will never work with Vitest, or use dynamic import() which is available in all CommonJS modules.\n\n    \u001b[0m \u001b[90m 3 |\u001b[39m describe(\u001b[32m'wpFetch env guard'\u001b[39m\u001b[33m,\u001b[39m () \u001b[33m=>\u001b[39m {\n     \u001b[90m 4 |\u001b[39m   it(\u001b[32m'throws when WP_URL is not set'\u001b[39m\u001b[33m,\u001b[39m \u001b[36masync\u001b[39m () \u001b[33m=>\u001b[39m {\n    \u001b[31m\u001b[1m>\u001b[22m\u001b[39m\u001b[90m 5 |\u001b[39m     \u001b[90m// Ensure env var is absent for this test\u001b[39m\n     \u001b[90m   |\u001b[39m                 \u001b[31m\u001b[1m^\u001b[22m\u001b[39m\n     \u001b[90m 6 |\u001b[39m     \u001b[36mconst\u001b[39m orig \u001b[33m=\u001b[39m process\u001b[33m.\u001b[39menv\u001b[33m.\u001b[39m\u001b[33mWP_URL\u001b[39m\n     \u001b[90m 7 |\u001b[39m     \u001b[36mdelete\u001b[39m process\u001b[33m.\u001b[39menv\u001b[33m.\u001b[39m\u001b[33mWP_URL\u001b[39m\n     \u001b[90m 8 |\u001b[39m     \u001b[90m// Dynamically import to get fresh module state\u001b[39m\u001b[0m\n\n      \u001b[2mat Object.<anonymous> (\u001b[22mnode_modules/vitest/index.cjs\u001b[2m:1:109)\u001b[22m\n      \u001b[2mat Object.<anonymous> (\u001b[22m\u001b[0m\u001b[36msrc/lib/__tests__/wpFetch.env.spec.ts\u001b[39m\u001b[0m\u001b[2m:5:17)\u001b[22m\n","name":"E:\\VSCode_Repo\\tech-oblivion-wpHeadless\\src\\lib\\__tests__\\wpFetch.env.spec.ts","startTime":1756661898251,"status":"failed","summary":""},{"assertionResults":[],"coverage":{},"endTime":1756661898251,"message":"  \u001b[1m● \u001b[22mTest suite failed to run\n\n    Your test suite must contain at least one test.\n\n      \u001b[2mat onResult (\u001b[22mnode_modules/@jest/core/build/TestScheduler.js\u001b[2m:133:18)\u001b[22m\n      \u001b[2mat \u001b[22mnode_modules/@jest/core/build/TestScheduler.js\u001b[2m:254:19\u001b[22m\n      \u001b[2mat \u001b[22mnode_modules/emittery/index.js\u001b[2m:363:13\u001b[22m\n          at Array.map (<anonymous>)\n      \u001b[2mat Emittery.emit (\u001b[22mnode_modules/emittery/index.js\u001b[2m:361:23)\u001b[22m\n","name":"E:\\VSCode_Repo\\tech-oblivion-wpHeadless\\src\\__tests__\\styleMock.js","startTime":1756661898251,"status":"failed","summary":""},{"assertionResults":[],"coverage":{},"endTime":1756661898251,"message":"  \u001b[1m● \u001b[22mTest suite failed to run\n\n    Your test suite must contain at least one test.\n\n      \u001b[2mat onResult (\u001b[22mnode_modules/@jest/core/build/TestScheduler.js\u001b[2m:133:18)\u001b[22m\n      \u001b[2mat \u001b[22mnode_modules/@jest/core/build/TestScheduler.js\u001b[2m:254:19\u001b[22m\n      \u001b[2mat \u001b[22mnode_modules/emittery/index.js\u001b[2m:363:13\u001b[22m\n          at Array.map (<anonymous>)\n      \u001b[2mat Emittery.emit (\u001b[22mnode_modules/emittery/index.js\u001b[2m:361:23)\u001b[22m\n","name":"E:\\VSCode_Repo\\tech-oblivion-wpHeadless\\src\\__tests__\\TestErrorBoundary.tsx","startTime":1756661898251,"status":"failed","summary":""},{"assertionResults":[],"coverage":{},"endTime":1756661898251,"message":"  \u001b[1m● \u001b[22mTest suite failed to run\n\n    Your test suite must contain at least one test.\n\n      \u001b[2mat onResult (\u001b[22mnode_modules/@jest/core/build/TestScheduler.js\u001b[2m:133:18)\u001b[22m\n      \u001b[2mat \u001b[22mnode_modules/@jest/core/build/TestScheduler.js\u001b[2m:254:19\u001b[22m\n      \u001b[2mat \u001b[22mnode_modules/emittery/index.js\u001b[2m:363:13\u001b[22m\n          at Array.map (<anonymous>)\n      \u001b[2mat Emittery.emit (\u001b[22mnode_modules/emittery/index.js\u001b[2m:361:23)\u001b[22m\n","name":"E:\\VSCode_Repo\\tech-oblivion-wpHeadless\\src\\__tests__\\serverOnlyMock.js","startTime":1756661898251,"status":"failed","summary":""},{"assertionResults":[],"coverage":{},"endTime":1756661898251,"message":"  \u001b[1m● \u001b[22mTest suite failed to run\n\n    Your test suite must contain at least one test.\n\n      \u001b[2mat onResult (\u001b[22mnode_modules/@jest/core/build/TestScheduler.js\u001b[2m:133:18)\u001b[22m\n      \u001b[2mat \u001b[22mnode_modules/@jest/core/build/TestScheduler.js\u001b[2m:254:19\u001b[22m\n      \u001b[2mat \u001b[22mnode_modules/emittery/index.js\u001b[2m:363:13\u001b[22m\n          at Array.map (<anonymous>)\n      \u001b[2mat Emittery.emit (\u001b[22mnode_modules/emittery/index.js\u001b[2m:361:23)\u001b[22m\n","name":"E:\\VSCode_Repo\\tech-oblivion-wpHeadless\\src\\__tests__\\nextServerMock.js","startTime":1756661898251,"status":"failed","summary":""},{"assertionResults":[],"coverage":{},"endTime":1756661898251,"message":"  \u001b[1m● \u001b[22mTest suite failed to run\n\n    Your test suite must contain at least one test.\n\n      \u001b[2mat onResult (\u001b[22mnode_modules/@jest/core/build/TestScheduler.js\u001b[2m:133:18)\u001b[22m\n      \u001b[2mat \u001b[22mnode_modules/@jest/core/build/TestScheduler.js\u001b[2m:254:19\u001b[22m\n      \u001b[2mat \u001b[22mnode_modules/emittery/index.js\u001b[2m:363:13\u001b[22m\n          at Array.map (<anonymous>)\n      \u001b[2mat Emittery.emit (\u001b[22mnode_modules/emittery/index.js\u001b[2m:361:23)\u001b[22m\n","name":"E:\\VSCode_Repo\\tech-oblivion-wpHeadless\\src\\__tests__\\nextNavigationMock.js","startTime":1756661898251,"status":"failed","summary":""},{"assertionResults":[],"coverage":{},"endTime":1756661898251,"message":"  \u001b[1m● \u001b[22mTest suite failed to run\n\n    Your test suite must contain at least one test.\n\n      \u001b[2mat onResult (\u001b[22mnode_modules/@jest/core/build/TestScheduler.js\u001b[2m:133:18)\u001b[22m\n      \u001b[2mat \u001b[22mnode_modules/@jest/core/build/TestScheduler.js\u001b[2m:254:19\u001b[22m\n      \u001b[2mat \u001b[22mnode_modules/emittery/index.js\u001b[2m:363:13\u001b[22m\n          at Array.map (<anonymous>)\n      \u001b[2mat Emittery.emit (\u001b[22mnode_modules/emittery/index.js\u001b[2m:361:23)\u001b[22m\n","name":"E:\\VSCode_Repo\\tech-oblivion-wpHeadless\\src\\__tests__\\nextImageMock.js","startTime":1756661898251,"status":"failed","summary":""},{"assertionResults":[],"coverage":{},"endTime":1756661898251,"message":"  \u001b[1m● \u001b[22mTest suite failed to run\n\n    Your test suite must contain at least one test.\n\n      \u001b[2mat onResult (\u001b[22mnode_modules/@jest/core/build/TestScheduler.js\u001b[2m:133:18)\u001b[22m\n      \u001b[2mat \u001b[22mnode_modules/@jest/core/build/TestScheduler.js\u001b[2m:254:19\u001b[22m\n      \u001b[2mat \u001b[22mnode_modules/emittery/index.js\u001b[2m:363:13\u001b[22m\n          at Array.map (<anonymous>)\n      \u001b[2mat Emittery.emit (\u001b[22mnode_modules/emittery/index.js\u001b[2m:361:23)\u001b[22m\n","name":"E:\\VSCode_Repo\\tech-oblivion-wpHeadless\\src\\__tests__\\fileMock.js","startTime":1756661898251,"status":"failed","summary":""},{"assertionResults":[],"coverage":{},"endTime":1756661898251,"message":"  \u001b[1m● \u001b[22mTest suite failed to run\n\n    Vitest cannot be imported in a CommonJS module using require(). Please use \"import\" instead.\n\n    If you are using \"import\" in your source code, then it's possible it was bundled into require() automatically by your bundler. In that case, do not bundle CommonJS output since it will never work with Vitest, or use dynamic import() which is available in all CommonJS modules.\n\n    \u001b[0m \u001b[90m 3 |\u001b[39m \u001b[36mimport\u001b[39m { sanitizeWP } \u001b[36mfrom\u001b[39m \u001b[32m'../src/lib/sanitize'\u001b[39m\n     \u001b[90m 4 |\u001b[39m\n    \u001b[31m\u001b[1m>\u001b[22m\u001b[39m\u001b[90m 5 |\u001b[39m describe(\u001b[32m'sanitizeWP'\u001b[39m\u001b[33m,\u001b[39m () \u001b[33m=>\u001b[39m {\n     \u001b[90m   |\u001b[39m                 \u001b[31m\u001b[1m^\u001b[22m\u001b[39m\n     \u001b[90m 6 |\u001b[39m   it(\u001b[32m'removes script tags and preserves safe content'\u001b[39m\u001b[33m,\u001b[39m () \u001b[33m=>\u001b[39m {\n     \u001b[90m 7 |\u001b[39m     \u001b[36mconst\u001b[39m dirty \u001b[33m=\u001b[39m \u001b[32m`<p>Hello <strong>world</strong></p><script>alert(1)</script><a href=\"http://example.com\">link</a>`\u001b[39m\n     \u001b[90m 8 |\u001b[39m     \u001b[36mconst\u001b[39m clean \u001b[33m=\u001b[39m sanitizeWP(dirty)\u001b[0m\n\n      \u001b[2mat Object.<anonymous> (\u001b[22mnode_modules/vitest/index.cjs\u001b[2m:1:109)\u001b[22m\n      \u001b[2mat Object.<anonymous> (\u001b[22m\u001b[0m\u001b[36mtest/sanitize.test.ts\u001b[39m\u001b[0m\u001b[2m:5:17)\u001b[22m\n","name":"E:\\VSCode_Repo\\tech-oblivion-wpHeadless\\test\\sanitize.test.ts","startTime":1756661898251,"status":"failed","summary":""}],"wasInterrupted":false}
